2015-08-04 15:06:03 ERROR  : ERROR:  syntax error at or near "'renewal'"
LINE 10: ...ense_type character varying(50) DEFAULT 'created','renewal',...
                                                              ^
2015-08-04 15:37:49 ERROR  : ERROR:  type "character_varying" does not exist
2015-08-04 15:44:04 ERROR  : ERROR:  syntax error at or near "table"
LINE 1: update table clients set is_deleted=0 where id=1
               ^
2015-08-04 16:08:35 ERROR  : ERROR:  column "release_location" cannot be cast to type integer
2015-08-06 10:21:40 ERROR  : ERROR:  syntax error at or near "select"
LINE 3: select * from product_clients
        ^
2015-08-06 14:42:10 ERROR  : ERROR:  syntax error at or near "*"
LINE 1: delete * from product_client_licenses
               ^
2015-08-06 16:19:54 ERROR  : Couldn't retrieve information about list control item -1.
2015-08-06 17:56:41 ERROR  : ERROR:  syntax error at or near ","
LINE 1: ...d=4 and pcl.product_id=2 and license_type='create', license_...
                                                             ^
2015-08-07 19:03:28 ERROR  : ERROR:  missing FROM-clause entry for table "cou"
LINE 1: select cou.cou_short_name||'-'||stud.mst_batch_id|| (case wh...
               ^
2015-08-07 19:04:26 ERROR  : ERROR:  missing FROM-clause entry for table "mst_courses"
LINE 1: select mst_courses.cou_short_name||'-'||stud.mst_batch_id|| ...
               ^
2015-08-07 19:06:12 ERROR  : ERROR:  column result.mark_obtained does not exist
LINE 1: ...e,a.mst_subject_id, b.subject_name, result.result,result.mar...
                                                             ^
2015-08-07 19:06:25 ERROR  : ERROR:  column result.obtained_mark does not exist
LINE 1: ...e,a.mst_subject_id, b.subject_name, result.result,result.obt...
                                                             ^
2015-08-07 19:19:46 ERROR  : ERROR:  syntax error at or near "join"
LINE 1: ...=30 and stud.mst_batch_id=2014 and stud.regno!='' join trn_e...
                                                             ^
2015-08-07 19:21:28 ERROR  : ERROR:  syntax error at or near "trn_eval_semester_results"
LINE 1: ... and stud.mst_batch_id=2014 and stud.regno!='' in trn_eval_s...
                                                             ^
2015-08-07 19:21:42 ERROR  : ERROR:  syntax error at or near "left"
LINE 1: ...=30 and stud.mst_batch_id=2014 and stud.regno!='' left join ...
                                                             ^
2015-08-07 19:21:50 ERROR  : ERROR:  syntax error at or near "left"
LINE 1: ...=30 and stud.mst_batch_id=2014 and stud.regno!='' left outer...
                                                             ^
2015-08-07 19:22:00 ERROR  : ERROR:  syntax error at or near "right"
LINE 1: ...=30 and stud.mst_batch_id=2014 and stud.regno!='' right oute...
                                                             ^
2015-08-07 19:22:04 ERROR  : ERROR:  syntax error at or near "right"
LINE 1: ...=30 and stud.mst_batch_id=2014 and stud.regno!='' right join...
                                                             ^
2015-08-07 19:22:12 ERROR  : ERROR:  syntax error at or near "inner"
LINE 1: ...=30 and stud.mst_batch_id=2014 and stud.regno!='' inner join...
                                                             ^
2015-08-07 19:22:36 ERROR  : ERROR:  syntax error at or near "inner"
LINE 1: ...=30 and stud.mst_batch_id=2014 and stud.regno!='' inner join...
                                                             ^
2015-08-07 19:32:44 ERROR  : ERROR:  syntax error at or near "group"
LINE 1: ...atch_id=2014 and stud.regno!=''  order by 1,3,5,6 group by s...
                                                             ^
2015-08-07 19:33:07 ERROR  : ERROR:  syntax error at or near "join"
LINE 1: ....mst_institution_id=4 group by stud.univ_sub_code join mst_s...
                                                             ^
2015-08-07 19:40:22 ERROR  : ERROR:  syntax error at or near "DISTINCT"
LINE 1: ...ults as tesr on (tesr.mst_student_id=stud.id) and DISTINCT(t...
                                                             ^
2015-08-07 19:40:39 ERROR  : ERROR:  syntax error at or near "DISTINCT"
LINE 1: ...e,a.mst_subject_id, b.subject_name, result.result,DISTINCT(t...
                                                             ^
2015-08-07 19:41:01 ERROR  : ERROR:  syntax error at or near "DISTINCT"
LINE 1: ...tud.id,stud.regno,stud.stud_fname, sem.sem_order, DISTINCT(a...
                                                             ^
2015-08-07 19:41:08 ERROR  : ERROR:  syntax error at or near "DISTINCT"
LINE 1: ...tud.id,stud.regno,stud.stud_fname, sem.sem_order, DISTINCT(a...
                                                             ^
2015-08-07 19:43:32 ERROR  : ERROR:  relation "mst_semester" does not exist
LINE 1: select * from mst_semester
                      ^
2015-08-07 20:05:41 ERROR  : ERROR:  missing FROM-clause entry for table "sem"
LINE 1: ...nd tesr.regno=stud.regno and tesr.mst_semester_id=sem.id and...
                                                             ^
2015-08-07 20:06:33 ERROR  : ERROR:  column "mst_semester_id" does not exist
LINE 1: select mst_semester_id from mst_students
               ^
2015-08-07 20:06:48 ERROR  : 
2015-08-07 20:07:49 ERROR  : ERROR:  missing FROM-clause entry for table "a"
LINE 1: ...nd tesr.regno=stud.regno and tesr.mst_semester_id=a.mst_seme...
                                                             ^
2015-08-07 20:09:17 ERROR  : ERROR:  syntax error at or near "join"
LINE 1: ...nstitution_id=4 where sem.id=tesr.mst_semester_id join mst_s...
                                                             ^
2015-08-07 20:10:12 ERROR  : ERROR:  syntax error at or near "as"
LINE 1: ....mst_semester_id in(select id from mst_semesters) as sem on ...
                                                             ^
2015-08-07 20:11:08 ERROR  : 
2015-08-10 09:57:18 ERROR  : ERROR:  column tesr.stude_fname does not exist
LINE 4: ...ults as tesr on (tesr.mst_student_id=stud.id) and tesr.stude...
                                                             ^
2015-08-10 09:57:25 ERROR  : ERROR:  column tesr.stud_fname does not exist
LINE 4: ...ults as tesr on (tesr.mst_student_id=stud.id) and tesr.stud_...
                                                             ^
2015-08-10 10:21:25 ERROR  : ERROR:  syntax error at or near "."
LINE 2: IFNULL(tesr.obtained_mark,0) tesr.cgpa_mark 
                                         ^
2015-08-10 10:21:34 ERROR  : ERROR:  function ifnull(character varying, integer) does not exist
LINE 2: IFNULL(tesr.obtained_mark,0), tesr.cgpa_mark 
        ^
HINT:  No function matches the given name and argument types. You might need to add explicit type casts.
2015-08-10 10:21:56 ERROR  : ERROR:  function ifnull(character varying, integer) does not exist
LINE 2: IFNULL(DISTINCT(tesr.obtained_mark),0), tesr.cgpa_mark 
        ^
HINT:  No function matches the given name and argument types. You might need to add explicit type casts.
2015-08-10 10:24:24 ERROR  : 
2015-08-10 10:25:08 ERROR  : ERROR:  column sem.mst_semester_id does not exist
LINE 1: ...,a.mst_subject_id, b.subject_name, result.result, sem.mst_se...
                                                             ^
2015-08-10 13:10:47 ERROR  : ERROR:  syntax error at or near "a"
LINE 8: ..._id=4 and stud.mst_course_id=30 and stud.mst_batch_id=2014 a
                                                                      ^
2015-08-10 14:25:19 ERROR  : ERROR:  missing FROM-clause entry for table "r"
LINE 1: ... t join mst_subjectdetails s on s.mst_semester_id=r.mst_seme...
                                                             ^
2015-08-10 14:33:41 ERROR  : ERROR:  column "reg_no" does not exist
LINE 1: ...ere mst_semester_id=56 and mst_batch_id=2014 order by reg_no
                                                                 ^
2015-08-10 14:35:33 ERROR  : ERROR:  column a.mst_student_id does not exist
LINE 5: left join trn_eval_semester_results as tesr on (a.mst_studen...
                                                        ^
2015-08-10 16:08:02 ERROR  : ERROR:  invalid reference to FROM-clause entry for table "mst_subjectdetails"
LINE 6: ...sults as tesr on (tesr.mst_student_id=stud.id and mst_subjec...
                                                             ^
HINT:  Perhaps you meant to reference the table alias "a".
2015-08-11 18:44:48 ERROR  : ERROR:  relation "mst_students" does not exist
LINE 2: from mst_students as stud 
             ^
2015-08-11 18:45:05 ERROR  : ERROR:  relation "mst_students" does not exist
LINE 2: from mst_students as stud 
             ^
2015-08-11 18:45:06 ERROR  : ERROR:  syntax error at or near "select"
LINE 7: select * from trn_eval_semester_results
        ^
2015-08-11 18:45:06 ERROR  : ERROR:  syntax error at or near "select"
LINE 7: select * from trn_eval_semester_results
        ^
2015-08-11 18:45:26 ERROR  : ERROR:  relation "mst_students" does not exist
LINE 2: from mst_students as stud 
             ^
2015-08-11 18:45:48 ERROR  : ERROR:  relation "mst_students" does not exist
LINE 2: from mst_students as stud 
             ^
2015-08-11 18:46:08 ERROR  : ERROR:  relation "mst_students" does not exist
LINE 2: from mst_students as stud 
             ^
2015-08-11 18:46:16 ERROR  : ERROR:  relation "mst_students" does not exist
LINE 2: from mst_students as stud 
             ^
2015-08-11 18:53:27 ERROR  : ERROR:  syntax error at or near "where"
LINE 8: and stud.regno!='' order by 1,3,5,6 where stud.regno='732514...
                                            ^
2015-08-11 18:53:45 ERROR  : ERROR:  syntax error at or near "where"
LINE 8: and stud.regno!='' where stud.regno='732514103006' order by ...
                           ^
2015-08-12 09:23:30 ERROR  : ERROR:  missing FROM-clause entry for table "t"
LINE 1: select t.obtained_mark from trn_eval_semester_results
               ^
2015-08-12 09:23:48 ERROR  : ERROR:  syntax error at or near "."
LINE 1: select t.obtained_mark t.cgpa_mark from trn_eval_semester_re...
                                ^
2015-08-12 09:38:25 ERROR  : ERROR:  column "reno" does not exist
LINE 1: select * from trn_eval_semester_results where reno='E150301'
                                                      ^
2015-08-12 09:42:48 ERROR  : ERROR:  missing FROM-clause entry for table "t"
LINE 1: select t.obtained_mark, t.cgpa_mark from trn_eval_semester_r...
               ^
2015-08-12 12:51:26 ERROR  : ERROR:  relation "mst_students" does not exist
LINE 1: ...btained_mark as SGPA, tesr.cgpa_mark as CGPA from mst_studen...
                                                             ^
2015-08-12 15:38:05 ERROR  : ERROR:  syntax error at or near "ect"
LINE 1: ect * from product_client_licenses
        ^
2015-08-13 09:44:19 ERROR  : ERROR:  syntax error at or near "MODIFY"
LINE 1: ALTER TABLE product_client_licenses MODIFY COLUMN license_ke...
                                            ^
2015-08-13 09:44:50 ERROR  : ERROR:  syntax error at or near "MODIFY"
LINE 1: ALTER TABLE product_client_licenses MODIFY COLUMN license_ke...
                                            ^
2015-08-13 09:44:57 ERROR  : ERROR:  syntax error at or near "varchar"
LINE 1: ... product_client_licenses ALTER COLUMN license_key varchar(50...
                                                             ^
2015-08-13 10:23:36 ERROR  : ERROR:  relation "mst_students" does not exist
LINE 2: from mst_students as stud 
             ^
2015-08-13 16:06:15 ERROR  : ERROR:  relation "mst_students" does not exist
LINE 2: from mst_students as stud 
             ^
2015-08-13 16:06:26 ERROR  : ERROR:  relation "mst_students" does not exist
LINE 2: from mst_students as stud 
             ^
2015-08-13 16:46:28 ERROR  : ERROR:  syntax error at or near "order"
LINE 2: ...leted=0 and client_id=13 and product_id=7 limit 1 order by d...
                                                             ^
2015-08-13 16:46:34 ERROR  : ERROR:  syntax error at or near "desc"
LINE 2: ...ted=0 and client_id=13 and product_id=7  order by desc limit...
                                                             ^
2015-08-13 16:46:44 ERROR  : ERROR:  syntax error at or near "desc"
LINE 1: ...ted=0 and client_id=13 and product_id=7  order by desc limit...
                                                             ^
2015-08-13 16:46:48 ERROR  : ERROR:  syntax error at or near "desc"
LINE 2: ..._deleted=0 and client_id=13 and product_id=7  order by desc 
                                                                  ^
2015-08-13 16:47:05 ERROR  : ERROR:  syntax error at or near "order"
LINE 2: ...leted=0 and client_id=13 and product_id=7 limit 1 order by i...
                                                             ^
2015-08-14 09:50:10 ERROR  : ERROR:  syntax error at or near "select"
LINE 3: select * from product_client_releases
        ^
2015-08-14 09:50:12 ERROR  : ERROR:  syntax error at or near "change"
LINE 1: ALTER table product_client_releases change column release_no...
                                            ^
2015-08-14 09:50:22 ERROR  : ERROR:  syntax error at or near "varchar"
LINE 1: ...e product_client_releases ALTER column release_no varchar(25...
                                                             ^
2015-08-14 09:50:35 ERROR  : ERROR:  syntax error at or near "character"
LINE 1: ...e product_client_releases ALTER column release_no character ...
                                                             ^
2015-08-14 12:05:24 ERROR  : ERROR:  relation "mst_students" does not exist
LINE 2: from mst_students as stud 
             ^
2015-08-17 10:05:18 ERROR  : ERROR:  column "inst_id" does not exist
LINE 1: select * from trn_att_class_attendances where inst_id=4
                                                      ^
2015-08-17 10:05:29 ERROR  : ERROR:  column "mst_inst_id" does not exist
LINE 1: select * from trn_att_class_attendances where mst_inst_id=4
                                                      ^
2015-08-17 14:33:35 ERROR  : ERROR:  syntax error at or near "select"
LINE 3: select * from trn_jobscheduler_logs where date(cron_date)='2...
        ^
2015-08-17 14:56:11 ERROR  : ERROR:  syntax error at or near "desc"
LINE 1: select * from trn_att_stud_daily_attendances limit 1 desc
                                                             ^
2015-08-17 14:56:23 ERROR  : ERROR:  syntax error at or near "order"
LINE 1: ...ect * from trn_att_stud_daily_attendances limit 1 order by i...
                                                             ^
2015-08-17 15:05:57 ERROR  : ERROR:  column "mst_stud_id" does not exist
LINE 2: ...elect * from trn_att_stud_daily_attendances where mst_stud_i...
                                                             ^
2015-08-17 16:31:25 ERROR  : ERROR:  syntax error at or near "Change"
LINE 1: Alter table product_client_releases Change column release_no...
                                            ^
2015-08-17 16:32:18 ERROR  : ERROR:  syntax error at or near "change"
LINE 1: Alter table product_client_releases change column release_no...
                                            ^
2015-08-17 16:32:33 ERROR  : ERROR:  syntax error at or near "CHANGE"
LINE 1: Alter table product_client_releases CHANGE column release_no...
                                            ^
2015-08-17 16:33:26 ERROR  : ERROR:  syntax error at or near "CHANGE"
LINE 1: Alter table product_client_releases CHANGE COLUMN release_no...
                                            ^
2015-08-17 16:35:50 ERROR  : ERROR:  syntax error at or near "MODIFY"
LINE 1: ALTER TABLE product_client_releases MODIFY COLUMN release_no...
                                            ^
