2015-07-23 12:04:24 Debug: Notice (1024): Please change the value of 'Security.salt' in app/config/core.php to a salt value specific to your application in [E:\xampp\htdocs\product_test\cake\libs\debugger.php, line 697]
2015-07-23 12:04:24 Debug: Notice (1024): Please change the value of 'Security.cipherSeed' in app/config/core.php to a numeric (digits only) seed value specific to your application in [E:\xampp\htdocs\product_test\cake\libs\debugger.php, line 701]
2015-07-23 12:05:04 Debug: Notice (1024): Please change the value of 'Security.salt' in app/config/core.php to a salt value specific to your application in [E:\xampp\htdocs\product_test\cake\libs\debugger.php, line 697]
2015-07-23 12:05:04 Debug: Notice (1024): Please change the value of 'Security.cipherSeed' in app/config/core.php to a numeric (digits only) seed value specific to your application in [E:\xampp\htdocs\product_test\cake\libs\debugger.php, line 701]
2015-07-23 12:05:43 Debug: Notice (1024): Please change the value of 'Security.cipherSeed' in app/config/core.php to a numeric (digits only) seed value specific to your application in [E:\xampp\htdocs\product_test\cake\libs\debugger.php, line 701]
2015-07-23 12:29:50 Debug: Notice (8): Undefined property: ProductTestsController::$Product in [E:\xampp\htdocs\product_test\app\controllers\product_tests_controller.php, line 17]
2015-07-23 12:32:01 Debug: Notice (8): Undefined property: ProductTestsController::$Product in [E:\xampp\htdocs\product_test\app\controllers\product_tests_controller.php, line 17]
2015-07-23 12:32:02 Debug: Notice (8): Undefined property: ProductTestsController::$Product in [E:\xampp\htdocs\product_test\app\controllers\product_tests_controller.php, line 17]
2015-07-23 12:34:39 Debug: Notice (8): Undefined property: ProductTestsController::$Product in [E:\xampp\htdocs\product_test\app\controllers\product_tests_controller.php, line 17]
2015-07-23 12:34:40 Debug: Notice (8): Undefined property: ProductTestsController::$Product in [E:\xampp\htdocs\product_test\app\controllers\product_tests_controller.php, line 17]
2015-07-23 12:35:28 Debug: Notice (8): Undefined property: ProductTestsController::$Product in [E:\xampp\htdocs\product_test\app\controllers\product_tests_controller.php, line 17]
2015-07-23 12:35:28 Debug: Notice (8): Undefined property: ProductTestsController::$Product in [E:\xampp\htdocs\product_test\app\controllers\product_tests_controller.php, line 17]
2015-07-23 12:35:29 Debug: Notice (8): Undefined property: ProductTestsController::$Product in [E:\xampp\htdocs\product_test\app\controllers\product_tests_controller.php, line 17]
2015-07-23 12:35:29 Debug: Notice (8): Undefined property: ProductTestsController::$Product in [E:\xampp\htdocs\product_test\app\controllers\product_tests_controller.php, line 17]
2015-07-23 12:38:38 Debug: Notice (8): Undefined property: ProductTestsController::$Task in [E:\xampp\htdocs\product_test\app\controllers\product_tests_controller.php, line 17]
2015-07-23 12:45:19 Debug: Notice (8): Undefined index: title in [E:\xampp\htdocs\product_test\app\views\products\index.ctp, line 30]
2015-07-23 12:45:19 Debug: Notice (8): Undefined index: done in [E:\xampp\htdocs\product_test\app\views\products\index.ctp, line 31]
2015-07-23 12:45:19 Debug: Notice (8): Undefined index: created in [E:\xampp\htdocs\product_test\app\views\products\index.ctp, line 32]
2015-07-23 12:45:19 Debug: Notice (8): Undefined index: modified in [E:\xampp\htdocs\product_test\app\views\products\index.ctp, line 33]
2015-07-23 12:45:19 Debug: Notice (8): Undefined variable: task in [E:\xampp\htdocs\product_test\app\views\products\index.ctp, line 35]
2015-07-23 12:45:55 Debug: Notice (8): Undefined index: done in [E:\xampp\htdocs\product_test\app\views\products\index.ctp, line 31]
2015-07-23 12:45:55 Debug: Notice (8): Undefined index: created in [E:\xampp\htdocs\product_test\app\views\products\index.ctp, line 32]
2015-07-23 12:45:55 Debug: Notice (8): Undefined index: modified in [E:\xampp\htdocs\product_test\app\views\products\index.ctp, line 33]
2015-07-23 12:45:55 Debug: Notice (8): Undefined variable: task in [E:\xampp\htdocs\product_test\app\views\products\index.ctp, line 35]
2015-07-23 12:46:23 Debug: Notice (8): Undefined variable: task in [E:\xampp\htdocs\product_test\app\views\products\index.ctp, line 35]
2015-07-23 12:46:40 Debug: Notice (8): Undefined variable: task in [E:\xampp\htdocs\product_test\app\views\products\index.ctp, line 35]
2015-07-23 12:47:26 Debug: Notice (8): Undefined variable: task in [E:\xampp\htdocs\product_test\app\views\products\index.ctp, line 35]
2015-07-23 12:47:57 Debug: Notice (8): Undefined variable: task in [E:\xampp\htdocs\product_test\app\views\products\index.ctp, line 35]
2015-07-23 14:13:26 Debug: Notice (8): Undefined property: View::$Javascript in [E:\xampp\htdocs\product_test\app\views\layouts\default.ctp, line 43]
2015-07-23 14:13:26 Debug: Notice (8): Undefined property: View::$Javascript in [E:\xampp\htdocs\product_test\app\views\layouts\default.ctp, line 43]
2015-07-23 14:13:26 Debug: Notice (8): Undefined property: View::$Javascript in [E:\xampp\htdocs\product_test\app\views\layouts\default.ctp, line 43]
2015-07-23 14:14:45 Debug: Notice (8): Undefined variable: Site in [E:\xampp\htdocs\product_test\app\views\layouts\default.ctp, line 40]
2015-07-23 14:14:45 Debug: Notice (8): Undefined variable: Site in [E:\xampp\htdocs\product_test\app\views\layouts\default.ctp, line 47]
2015-07-23 14:14:45 Debug: Notice (8): Undefined variable: Site in [E:\xampp\htdocs\product_test\app\views\layouts\default.ctp, line 48]
2015-07-23 14:14:45 Debug: Notice (8): Undefined variable: Site in [E:\xampp\htdocs\product_test\app\views\layouts\default.ctp, line 40]
2015-07-23 14:14:45 Debug: Notice (8): Undefined property: View::$Javascript in [E:\xampp\htdocs\product_test\app\views\layouts\default.ctp, line 46]
2015-07-23 14:14:45 Debug: Notice (8): Undefined variable: Site in [E:\xampp\htdocs\product_test\app\views\layouts\default.ctp, line 40]
2015-07-23 14:14:45 Debug: Notice (8): Undefined property: View::$Javascript in [E:\xampp\htdocs\product_test\app\views\layouts\default.ctp, line 46]
2015-07-23 14:14:45 Debug: Notice (8): Undefined variable: Site in [E:\xampp\htdocs\product_test\app\views\layouts\default.ctp, line 40]
2015-07-23 14:14:45 Debug: Notice (8): Undefined property: View::$Javascript in [E:\xampp\htdocs\product_test\app\views\layouts\default.ctp, line 46]
2015-07-23 14:22:01 Debug: Notice (8): Undefined variable: Site in [E:\xampp\htdocs\product_test\app\views\layouts\default.ctp, line 47]
2015-07-23 14:22:01 Debug: Notice (8): Undefined variable: Site in [E:\xampp\htdocs\product_test\app\views\layouts\default.ctp, line 48]
2015-07-23 14:22:02 Debug: Notice (8): Undefined property: View::$Javascript in [E:\xampp\htdocs\product_test\app\views\layouts\default.ctp, line 46]
2015-07-23 14:22:02 Debug: Notice (8): Undefined property: View::$Javascript in [E:\xampp\htdocs\product_test\app\views\layouts\default.ctp, line 46]
2015-07-23 14:22:02 Debug: Notice (8): Undefined property: View::$Javascript in [E:\xampp\htdocs\product_test\app\views\layouts\default.ctp, line 46]
2015-07-23 14:23:45 Debug: Notice (8): Undefined variable: Site in [E:\xampp\htdocs\product_test\app\views\layouts\default.ctp, line 47]
2015-07-23 14:23:45 Debug: Notice (8): Undefined variable: Site in [E:\xampp\htdocs\product_test\app\views\layouts\default.ctp, line 48]
2015-07-23 14:23:45 Debug: Notice (8): Undefined property: View::$Javascript in [E:\xampp\htdocs\product_test\app\views\layouts\default.ctp, line 46]
2015-07-23 14:23:45 Debug: Notice (8): Undefined property: View::$Javascript in [E:\xampp\htdocs\product_test\app\views\layouts\default.ctp, line 46]
2015-07-23 14:23:46 Debug: Notice (8): Undefined property: View::$Javascript in [E:\xampp\htdocs\product_test\app\views\layouts\default.ctp, line 46]
2015-07-23 14:24:17 Debug: Notice (8): Undefined variable: Site in [E:\xampp\htdocs\product_test\app\views\layouts\default.ctp, line 48]
2015-07-23 14:24:18 Debug: Notice (8): Undefined property: View::$Javascript in [E:\xampp\htdocs\product_test\app\views\layouts\default.ctp, line 46]
2015-07-23 14:24:18 Debug: Notice (8): Undefined property: View::$Javascript in [E:\xampp\htdocs\product_test\app\views\layouts\default.ctp, line 46]
2015-07-23 14:24:18 Debug: Notice (8): Undefined property: View::$Javascript in [E:\xampp\htdocs\product_test\app\views\layouts\default.ctp, line 46]
2015-07-23 14:24:25 Debug: Notice (8): Undefined property: View::$Javascript in [E:\xampp\htdocs\product_test\app\views\layouts\default.ctp, line 46]
2015-07-23 14:24:25 Debug: Notice (8): Undefined property: View::$Javascript in [E:\xampp\htdocs\product_test\app\views\layouts\default.ctp, line 46]
2015-07-23 14:24:25 Debug: Notice (8): Undefined property: View::$Javascript in [E:\xampp\htdocs\product_test\app\views\layouts\default.ctp, line 46]
2015-07-23 14:24:25 Debug: Notice (8): Undefined property: View::$Javascript in [E:\xampp\htdocs\product_test\app\views\layouts\default.ctp, line 46]
2015-07-23 14:24:59 Debug: Notice (8): Undefined property: View::$Javascript in [E:\xampp\htdocs\product_test\app\views\layouts\default.ctp, line 46]
2015-07-23 14:24:59 Debug: Notice (8): Undefined property: View::$Javascript in [E:\xampp\htdocs\product_test\app\views\layouts\default.ctp, line 46]
2015-07-23 14:24:59 Debug: Notice (8): Undefined property: View::$Javascript in [E:\xampp\htdocs\product_test\app\views\layouts\default.ctp, line 46]
2015-07-23 14:24:59 Debug: Notice (8): Undefined property: View::$Javascript in [E:\xampp\htdocs\product_test\app\views\layouts\default.ctp, line 46]
2015-07-23 14:25:15 Debug: Notice (8): Undefined property: View::$Javascript in [E:\xampp\htdocs\product_test\app\views\layouts\default.ctp, line 46]
2015-07-23 14:25:15 Debug: Notice (8): Undefined property: View::$Javascript in [E:\xampp\htdocs\product_test\app\views\layouts\default.ctp, line 46]
2015-07-23 14:25:15 Debug: Notice (8): Undefined property: View::$Javascript in [E:\xampp\htdocs\product_test\app\views\layouts\default.ctp, line 46]
2015-07-23 14:25:16 Debug: Notice (8): Undefined property: View::$Javascript in [E:\xampp\htdocs\product_test\app\views\layouts\default.ctp, line 46]
2015-07-23 14:25:16 Debug: Notice (8): Undefined property: View::$Javascript in [E:\xampp\htdocs\product_test\app\views\layouts\default.ctp, line 46]
2015-07-23 14:25:16 Debug: Notice (8): Undefined property: View::$Javascript in [E:\xampp\htdocs\product_test\app\views\layouts\default.ctp, line 46]
2015-07-23 14:26:47 Debug: Notice (8): Undefined property: View::$Javascript in [E:\xampp\htdocs\product_test\app\views\layouts\default.ctp, line 46]
2015-07-23 14:26:47 Debug: Notice (8): Undefined property: View::$Javascript in [E:\xampp\htdocs\product_test\app\views\layouts\default.ctp, line 46]
2015-07-23 14:26:47 Debug: Notice (8): Undefined property: View::$Javascript in [E:\xampp\htdocs\product_test\app\views\layouts\default.ctp, line 46]
2015-07-23 14:26:47 Debug: Notice (8): Undefined property: View::$Javascript in [E:\xampp\htdocs\product_test\app\views\layouts\default.ctp, line 46]
2015-07-23 14:26:47 Debug: Notice (8): Undefined property: View::$Javascript in [E:\xampp\htdocs\product_test\app\views\layouts\default.ctp, line 46]
2015-07-23 14:26:52 Debug: Notice (8): Undefined property: View::$Javascript in [E:\xampp\htdocs\product_test\app\views\layouts\default.ctp, line 46]
2015-07-23 14:26:52 Debug: Notice (8): Undefined property: View::$Javascript in [E:\xampp\htdocs\product_test\app\views\layouts\default.ctp, line 46]
2015-07-23 14:26:53 Debug: Notice (8): Undefined property: View::$Javascript in [E:\xampp\htdocs\product_test\app\views\layouts\default.ctp, line 46]
2015-07-23 14:26:53 Debug: Notice (8): Undefined property: View::$Javascript in [E:\xampp\htdocs\product_test\app\views\layouts\default.ctp, line 46]
2015-07-23 14:26:53 Debug: Notice (8): Undefined property: View::$Javascript in [E:\xampp\htdocs\product_test\app\views\layouts\default.ctp, line 46]
2015-07-23 14:28:16 Debug: Notice (8): Undefined property: View::$Javascript in [E:\xampp\htdocs\product_test\app\views\layouts\default.ctp, line 46]
2015-07-23 14:28:16 Debug: Notice (8): Undefined property: View::$Javascript in [E:\xampp\htdocs\product_test\app\views\layouts\default.ctp, line 46]
2015-07-23 14:28:16 Debug: Notice (8): Undefined property: View::$Javascript in [E:\xampp\htdocs\product_test\app\views\layouts\default.ctp, line 46]
2015-07-23 14:28:16 Debug: Notice (8): Undefined property: View::$Javascript in [E:\xampp\htdocs\product_test\app\views\layouts\default.ctp, line 46]
2015-07-23 14:28:16 Debug: Notice (8): Undefined property: View::$Javascript in [E:\xampp\htdocs\product_test\app\views\layouts\default.ctp, line 46]
2015-07-23 14:28:16 Debug: Notice (8): Undefined property: View::$Javascript in [E:\xampp\htdocs\product_test\app\views\layouts\default.ctp, line 46]
2015-07-23 14:28:31 Debug: Notice (8): Undefined property: View::$Javascript in [E:\xampp\htdocs\product_test\app\views\layouts\default.ctp, line 46]
2015-07-23 14:28:31 Debug: Notice (8): Undefined property: View::$Javascript in [E:\xampp\htdocs\product_test\app\views\layouts\default.ctp, line 46]
2015-07-23 14:28:31 Debug: Notice (8): Undefined property: View::$Javascript in [E:\xampp\htdocs\product_test\app\views\layouts\default.ctp, line 46]
2015-07-23 14:28:31 Debug: Notice (8): Undefined property: View::$Javascript in [E:\xampp\htdocs\product_test\app\views\layouts\default.ctp, line 46]
2015-07-23 14:28:31 Debug: Notice (8): Undefined property: View::$Javascript in [E:\xampp\htdocs\product_test\app\views\layouts\default.ctp, line 46]
2015-07-23 14:28:32 Debug: Notice (8): Undefined property: View::$Javascript in [E:\xampp\htdocs\product_test\app\views\layouts\default.ctp, line 46]
2015-07-23 14:28:40 Debug: Notice (8): Undefined property: View::$Javascript in [E:\xampp\htdocs\product_test\app\views\layouts\default.ctp, line 46]
2015-07-23 14:28:41 Debug: Notice (8): Undefined property: View::$Javascript in [E:\xampp\htdocs\product_test\app\views\layouts\default.ctp, line 46]
2015-07-23 14:28:41 Debug: Notice (8): Undefined property: View::$Javascript in [E:\xampp\htdocs\product_test\app\views\layouts\default.ctp, line 46]
2015-07-23 14:28:41 Debug: Notice (8): Undefined property: View::$Javascript in [E:\xampp\htdocs\product_test\app\views\layouts\default.ctp, line 46]
2015-07-23 14:28:48 Debug: Notice (8): Undefined property: View::$Javascript in [E:\xampp\htdocs\product_test\app\views\layouts\default.ctp, line 46]
2015-07-23 14:28:48 Debug: Notice (8): Undefined property: View::$Javascript in [E:\xampp\htdocs\product_test\app\views\layouts\default.ctp, line 46]
2015-07-23 14:28:48 Debug: Notice (8): Undefined property: View::$Javascript in [E:\xampp\htdocs\product_test\app\views\layouts\default.ctp, line 46]
2015-07-23 14:28:48 Debug: Notice (8): Undefined property: View::$Javascript in [E:\xampp\htdocs\product_test\app\views\layouts\default.ctp, line 46]
2015-07-23 14:28:48 Debug: Notice (8): Undefined property: View::$Javascript in [E:\xampp\htdocs\product_test\app\views\layouts\default.ctp, line 46]
2015-07-23 14:28:54 Debug: Notice (8): Undefined property: View::$Javascript in [E:\xampp\htdocs\product_test\app\views\layouts\default.ctp, line 46]
2015-07-23 14:28:54 Debug: Notice (8): Undefined property: View::$Javascript in [E:\xampp\htdocs\product_test\app\views\layouts\default.ctp, line 46]
2015-07-23 14:28:54 Debug: Notice (8): Undefined property: View::$Javascript in [E:\xampp\htdocs\product_test\app\views\layouts\default.ctp, line 46]
2015-07-23 14:28:54 Debug: Notice (8): Undefined property: View::$Javascript in [E:\xampp\htdocs\product_test\app\views\layouts\default.ctp, line 46]
2015-07-23 14:28:54 Debug: Notice (8): Undefined property: View::$Javascript in [E:\xampp\htdocs\product_test\app\views\layouts\default.ctp, line 46]
2015-07-23 14:30:06 Debug: Notice (8): Undefined property: View::$Javascript in [E:\xampp\htdocs\product_test\app\views\layouts\default.ctp, line 46]
2015-07-23 14:30:06 Debug: Notice (8): Undefined property: View::$Javascript in [E:\xampp\htdocs\product_test\app\views\layouts\default.ctp, line 46]
2015-07-23 14:30:06 Debug: Notice (8): Undefined property: View::$Javascript in [E:\xampp\htdocs\product_test\app\views\layouts\default.ctp, line 46]
2015-07-23 14:30:06 Debug: Notice (8): Undefined property: View::$Javascript in [E:\xampp\htdocs\product_test\app\views\layouts\default.ctp, line 46]
2015-07-23 14:30:06 Debug: Notice (8): Undefined property: View::$Javascript in [E:\xampp\htdocs\product_test\app\views\layouts\default.ctp, line 46]
2015-07-23 14:30:59 Debug: Notice (8): Undefined property: View::$Javascript in [E:\xampp\htdocs\product_test\app\views\layouts\default.ctp, line 46]
2015-07-23 14:30:59 Debug: Notice (8): Undefined property: View::$Javascript in [E:\xampp\htdocs\product_test\app\views\layouts\default.ctp, line 46]
2015-07-23 14:30:59 Debug: Notice (8): Undefined property: View::$Javascript in [E:\xampp\htdocs\product_test\app\views\layouts\default.ctp, line 46]
2015-07-23 14:30:59 Debug: Notice (8): Undefined property: View::$Javascript in [E:\xampp\htdocs\product_test\app\views\layouts\default.ctp, line 46]
2015-07-23 14:30:59 Debug: Notice (8): Undefined property: View::$Javascript in [E:\xampp\htdocs\product_test\app\views\layouts\default.ctp, line 46]
2015-07-23 14:31:26 Debug: Notice (8): Undefined property: View::$Javascript in [E:\xampp\htdocs\product_test\app\views\layouts\default.ctp, line 46]
2015-07-23 14:31:26 Debug: Notice (8): Undefined property: View::$Javascript in [E:\xampp\htdocs\product_test\app\views\layouts\default.ctp, line 46]
2015-07-23 14:31:26 Debug: Notice (8): Undefined property: View::$Javascript in [E:\xampp\htdocs\product_test\app\views\layouts\default.ctp, line 46]
2015-07-23 14:31:26 Debug: Notice (8): Undefined property: View::$Javascript in [E:\xampp\htdocs\product_test\app\views\layouts\default.ctp, line 46]
2015-07-23 14:32:16 Debug: Notice (8): Undefined property: View::$Javascript in [E:\xampp\htdocs\product_test\app\views\layouts\default.ctp, line 46]
2015-07-23 14:32:16 Debug: Notice (8): Undefined property: View::$Javascript in [E:\xampp\htdocs\product_test\app\views\layouts\default.ctp, line 46]
2015-07-23 14:32:16 Debug: Notice (8): Undefined property: View::$Javascript in [E:\xampp\htdocs\product_test\app\views\layouts\default.ctp, line 46]
2015-07-23 14:32:16 Debug: Notice (8): Undefined property: View::$Javascript in [E:\xampp\htdocs\product_test\app\views\layouts\default.ctp, line 46]
2015-07-23 14:32:16 Debug: Notice (8): Undefined property: View::$Javascript in [E:\xampp\htdocs\product_test\app\views\layouts\default.ctp, line 46]
2015-07-23 14:32:43 Debug: Notice (8): Undefined property: View::$Javascript in [E:\xampp\htdocs\product_test\app\views\layouts\default.ctp, line 46]
2015-07-23 14:32:43 Debug: Notice (8): Undefined property: View::$Javascript in [E:\xampp\htdocs\product_test\app\views\layouts\default.ctp, line 46]
2015-07-23 14:32:43 Debug: Notice (8): Undefined property: View::$Javascript in [E:\xampp\htdocs\product_test\app\views\layouts\default.ctp, line 46]
2015-07-23 14:32:44 Debug: Notice (8): Undefined property: View::$Javascript in [E:\xampp\htdocs\product_test\app\views\layouts\default.ctp, line 46]
2015-07-23 14:32:44 Debug: Notice (8): Undefined property: View::$Javascript in [E:\xampp\htdocs\product_test\app\views\layouts\default.ctp, line 46]
2015-07-23 14:33:04 Debug: Notice (8): Undefined property: View::$Javascript in [E:\xampp\htdocs\product_test\app\views\layouts\default.ctp, line 46]
2015-07-23 14:33:04 Debug: Notice (8): Undefined property: View::$Javascript in [E:\xampp\htdocs\product_test\app\views\layouts\default.ctp, line 46]
2015-07-23 14:33:04 Debug: Notice (8): Undefined property: View::$Javascript in [E:\xampp\htdocs\product_test\app\views\layouts\default.ctp, line 46]
2015-07-23 14:33:04 Debug: Notice (8): Undefined property: View::$Javascript in [E:\xampp\htdocs\product_test\app\views\layouts\default.ctp, line 46]
2015-07-23 14:33:04 Debug: Notice (8): Undefined property: View::$Javascript in [E:\xampp\htdocs\product_test\app\views\layouts\default.ctp, line 46]
2015-07-23 14:33:11 Debug: Notice (8): Undefined property: View::$Javascript in [E:\xampp\htdocs\product_test\app\views\layouts\default.ctp, line 46]
2015-07-23 14:33:11 Debug: Notice (8): Undefined property: View::$Javascript in [E:\xampp\htdocs\product_test\app\views\layouts\default.ctp, line 46]
2015-07-23 14:33:11 Debug: Notice (8): Undefined property: View::$Javascript in [E:\xampp\htdocs\product_test\app\views\layouts\default.ctp, line 46]
2015-07-23 14:33:11 Debug: Notice (8): Undefined property: View::$Javascript in [E:\xampp\htdocs\product_test\app\views\layouts\default.ctp, line 46]
2015-07-23 14:33:11 Debug: Notice (8): Undefined property: View::$Javascript in [E:\xampp\htdocs\product_test\app\views\layouts\default.ctp, line 46]
2015-07-23 14:33:25 Debug: Notice (8): Undefined property: View::$Javascript in [E:\xampp\htdocs\product_test\app\views\layouts\default.ctp, line 46]
2015-07-23 14:33:25 Debug: Notice (8): Undefined property: View::$Javascript in [E:\xampp\htdocs\product_test\app\views\layouts\default.ctp, line 46]
2015-07-23 14:33:25 Debug: Notice (8): Undefined property: View::$Javascript in [E:\xampp\htdocs\product_test\app\views\layouts\default.ctp, line 46]
2015-07-23 14:33:25 Debug: Notice (8): Undefined property: View::$Javascript in [E:\xampp\htdocs\product_test\app\views\layouts\default.ctp, line 46]
2015-07-23 14:33:50 Debug: Notice (8): Undefined property: View::$Javascript in [E:\xampp\htdocs\product_test\app\views\layouts\default.ctp, line 46]
2015-07-23 14:33:51 Debug: Notice (8): Undefined property: View::$Javascript in [E:\xampp\htdocs\product_test\app\views\layouts\default.ctp, line 46]
2015-07-23 14:33:51 Debug: Notice (8): Undefined property: View::$Javascript in [E:\xampp\htdocs\product_test\app\views\layouts\default.ctp, line 46]
2015-07-23 14:33:51 Debug: Notice (8): Undefined property: View::$Javascript in [E:\xampp\htdocs\product_test\app\views\layouts\default.ctp, line 46]
2015-07-23 14:33:51 Debug: Notice (8): Undefined property: View::$Javascript in [E:\xampp\htdocs\product_test\app\views\layouts\default.ctp, line 46]
2015-07-23 14:34:10 Debug: Notice (8): Undefined property: View::$Javascript in [E:\xampp\htdocs\product_test\app\views\layouts\default.ctp, line 46]
2015-07-23 14:34:10 Debug: Notice (8): Undefined property: View::$Javascript in [E:\xampp\htdocs\product_test\app\views\layouts\default.ctp, line 46]
2015-07-23 14:34:10 Debug: Notice (8): Undefined property: View::$Javascript in [E:\xampp\htdocs\product_test\app\views\layouts\default.ctp, line 46]
2015-07-23 14:34:10 Debug: Notice (8): Undefined property: View::$Javascript in [E:\xampp\htdocs\product_test\app\views\layouts\default.ctp, line 46]
2015-07-23 14:34:32 Debug: Notice (8): Undefined property: View::$Javascript in [E:\xampp\htdocs\product_test\app\views\layouts\default.ctp, line 46]
2015-07-23 14:34:32 Debug: Notice (8): Undefined property: View::$Javascript in [E:\xampp\htdocs\product_test\app\views\layouts\default.ctp, line 46]
2015-07-23 14:34:32 Debug: Notice (8): Undefined property: View::$Javascript in [E:\xampp\htdocs\product_test\app\views\layouts\default.ctp, line 46]
2015-07-23 14:34:32 Debug: Notice (8): Undefined property: View::$Javascript in [E:\xampp\htdocs\product_test\app\views\layouts\default.ctp, line 46]
2015-07-23 14:34:32 Debug: Notice (8): Undefined property: View::$Javascript in [E:\xampp\htdocs\product_test\app\views\layouts\default.ctp, line 46]
2015-07-23 14:34:39 Debug: Notice (8): Undefined property: View::$Javascript in [E:\xampp\htdocs\product_test\app\views\layouts\default.ctp, line 46]
2015-07-23 14:34:39 Debug: Notice (8): Undefined property: View::$Javascript in [E:\xampp\htdocs\product_test\app\views\layouts\default.ctp, line 46]
2015-07-23 14:34:39 Debug: Notice (8): Undefined property: View::$Javascript in [E:\xampp\htdocs\product_test\app\views\layouts\default.ctp, line 46]
2015-07-23 14:34:39 Debug: Notice (8): Undefined property: View::$Javascript in [E:\xampp\htdocs\product_test\app\views\layouts\default.ctp, line 46]
2015-07-23 14:34:46 Debug: Notice (8): Undefined property: View::$Javascript in [E:\xampp\htdocs\product_test\app\views\layouts\default.ctp, line 46]
2015-07-23 14:34:46 Debug: Notice (8): Undefined property: View::$Javascript in [E:\xampp\htdocs\product_test\app\views\layouts\default.ctp, line 46]
2015-07-23 14:34:46 Debug: Notice (8): Undefined property: View::$Javascript in [E:\xampp\htdocs\product_test\app\views\layouts\default.ctp, line 46]
2015-07-23 14:34:46 Debug: Notice (8): Undefined property: View::$Javascript in [E:\xampp\htdocs\product_test\app\views\layouts\default.ctp, line 46]
2015-07-23 14:34:46 Debug: Notice (8): Undefined property: View::$Javascript in [E:\xampp\htdocs\product_test\app\views\layouts\default.ctp, line 46]
2015-07-23 14:35:03 Debug: Notice (8): Undefined property: View::$Javascript in [E:\xampp\htdocs\product_test\app\views\layouts\default.ctp, line 46]
2015-07-23 14:35:03 Debug: Notice (8): Undefined property: View::$Javascript in [E:\xampp\htdocs\product_test\app\views\layouts\default.ctp, line 46]
2015-07-23 14:35:03 Debug: Notice (8): Undefined property: View::$Javascript in [E:\xampp\htdocs\product_test\app\views\layouts\default.ctp, line 46]
2015-07-23 14:35:03 Debug: Notice (8): Undefined property: View::$Javascript in [E:\xampp\htdocs\product_test\app\views\layouts\default.ctp, line 46]
2015-07-23 14:35:03 Debug: Notice (8): Undefined property: View::$Javascript in [E:\xampp\htdocs\product_test\app\views\layouts\default.ctp, line 46]
2015-07-23 18:13:05 Debug: Notice (8): Undefined variable: Html in [E:\xampp\htdocs\product_test\app\views\products\index.ctp, line 68]
2015-07-23 18:16:56 Debug: Notice (8): Undefined variable: products in [E:\xampp\htdocs\product_test\app\views\clients\index.ctp, line 113]
2015-07-23 18:19:31 Debug: Notice (8): Undefined index: created_mobile in [E:\xampp\htdocs\product_test\app\views\clients\index.ctp, line 117]
2015-07-23 19:04:07 Debug: Notice (8): Undefined property: AjaxHelper::$form in [E:\xampp\htdocs\product_test\app\views\products\index.ctp, line 75]
2015-07-23 19:04:13 Debug: Notice (8): Object of class FormHelper to string conversion in [E:\xampp\htdocs\product_test\app\views\products\index.ctp, line 75]
2015-07-23 19:04:13 Debug: Notice (8): Undefined property: AjaxHelper::$Object in [E:\xampp\htdocs\product_test\app\views\products\index.ctp, line 75]
2015-07-24 10:15:47 Debug: Notice (8): Undefined index: Product in [E:\xampp\htdocs\product_test\app\controllers\products_controller.php, line 29]
2015-07-24 10:17:11 Debug: Notice (8): Undefined index: Product in [E:\xampp\htdocs\product_test\app\controllers\products_controller.php, line 27]
2015-07-24 10:17:11 Debug: Notice (8): Undefined index: Product in [E:\xampp\htdocs\product_test\app\controllers\products_controller.php, line 28]
2015-07-24 10:17:11 Debug: Notice (8): Undefined index: Product in [E:\xampp\htdocs\product_test\app\controllers\products_controller.php, line 29]
2015-07-24 12:02:13 Debug: Notice (8): Undefined variable: Product in [E:\xampp\htdocs\product_test\app\views\elements\products\index_pagging.ctp, line 26]
2015-07-24 13:18:00 Debug: Notice (8): Undefined property: ProductsController::$MstTree in [E:\xampp\htdocs\product_test\app\controllers\products_controller.php, line 122]
2015-07-24 13:19:27 Debug: Notice (8): Undefined variable: mst_tree in [E:\xampp\htdocs\product_test\app\controllers\products_controller.php, line 109]
2015-07-24 14:27:26 Debug: Notice (8): Undefined index: product_name in [E:\xampp\htdocs\product_test\app\models\product.php, line 45]
2015-07-24 16:53:42 Debug: Notice (8): Undefined variable: model_name in [E:\xampp\htdocs\product_test\app\views\clients\index.ctp, line 10]
2015-07-24 16:53:42 Debug: Notice (8): Undefined variable: statuses in [E:\xampp\htdocs\product_test\app\views\clients\index.ctp, line 27]
2015-07-24 16:58:19 Debug: Notice (8): Undefined property: ClientsController::$Product in [E:\xampp\htdocs\product_test\app\controllers\clients_controller.php, line 29]
2015-07-24 18:14:52 Debug: Notice (8): Undefined variable: Products in [E:\xampp\htdocs\product_test\app\views\elements\clients\index_pagging.ctp, line 30]
2015-07-24 18:15:40 Debug: Notice (8): Undefined index: Client in [E:\xampp\htdocs\product_test\app\controllers\clients_controller.php, line 20]
2015-07-24 18:20:53 Debug: Notice (8): Undefined index: Client in [E:\xampp\htdocs\product_test\app\controllers\clients_controller.php, line 20]
2015-07-24 18:25:07 Debug: Notice (8): Undefined index: Product in [E:\xampp\htdocs\product_test\app\views\clients\edit.ctp, line 61]
2015-07-24 18:27:14 Debug: Notice (8): Undefined index: Product in [E:\xampp\htdocs\product_test\app\views\clients\view.ctp, line 44]
2015-07-24 18:27:14 Debug: Notice (8): Undefined index: Product in [E:\xampp\htdocs\product_test\app\views\clients\view.ctp, line 49]
2015-07-24 18:27:14 Debug: Notice (8): Undefined index: Product in [E:\xampp\htdocs\product_test\app\views\clients\view.ctp, line 54]
2015-07-24 18:27:14 Debug: Notice (8): Undefined index: Product in [E:\xampp\htdocs\product_test\app\views\clients\view.ctp, line 59]
2015-07-24 18:27:25 Debug: Notice (8): Undefined index: client_desc in [E:\xampp\htdocs\product_test\app\controllers\clients_controller.php, line 104]
2015-07-24 18:27:25 Debug: Notice (8): Undefined index: client_version in [E:\xampp\htdocs\product_test\app\controllers\clients_controller.php, line 105]
2015-07-24 18:27:59 Debug: Notice (8): Undefined index: clientt_address in [E:\xampp\htdocs\product_test\app\controllers\clients_controller.php, line 104]
2015-07-24 18:28:30 Debug: Notice (8): Undefined index: Product in [E:\xampp\htdocs\product_test\app\views\clients\view.ctp, line 44]
2015-07-24 18:28:30 Debug: Notice (8): Undefined index: Product in [E:\xampp\htdocs\product_test\app\views\clients\view.ctp, line 49]
2015-07-24 18:28:30 Debug: Notice (8): Undefined index: Product in [E:\xampp\htdocs\product_test\app\views\clients\view.ctp, line 54]
2015-07-24 18:28:30 Debug: Notice (8): Undefined index: Product in [E:\xampp\htdocs\product_test\app\views\clients\view.ctp, line 59]
2015-07-24 18:28:33 Debug: Notice (8): Undefined index: Product in [E:\xampp\htdocs\product_test\app\views\clients\view.ctp, line 44]
2015-07-24 18:28:33 Debug: Notice (8): Undefined index: Product in [E:\xampp\htdocs\product_test\app\views\clients\view.ctp, line 49]
2015-07-24 18:28:33 Debug: Notice (8): Undefined index: Product in [E:\xampp\htdocs\product_test\app\views\clients\view.ctp, line 54]
2015-07-24 18:28:33 Debug: Notice (8): Undefined index: Product in [E:\xampp\htdocs\product_test\app\views\clients\view.ctp, line 59]
2015-07-27 09:10:41 Debug: Notice (8): Undefined variable: statuses in [E:\xampp\htdocs\product_test\app\views\product_client_releases\add_release.ctp, line 24]
2015-07-27 09:21:11 Debug: Notice (8): Undefined index: ProductClientRelease in [E:\xampp\htdocs\product_test\app\controllers\product_client_releases_controller.php, line 49]
2015-07-27 09:21:11 Debug: Notice (8): Undefined index: ProductClientRelease in [E:\xampp\htdocs\product_test\app\controllers\product_client_releases_controller.php, line 50]
2015-07-27 09:21:11 Debug: Notice (8): Undefined index: ProductClientRelease in [E:\xampp\htdocs\product_test\app\controllers\product_client_releases_controller.php, line 51]
2015-07-27 09:21:11 Debug: Notice (8): Undefined index: ProductClientRelease in [E:\xampp\htdocs\product_test\app\controllers\product_client_releases_controller.php, line 52]
2015-07-27 09:21:11 Debug: Notice (8): Undefined index: ProductClientRelease in [E:\xampp\htdocs\product_test\app\controllers\product_client_releases_controller.php, line 53]
2015-07-27 09:21:11 Debug: Notice (8): Undefined index: ProductClientRelease in [E:\xampp\htdocs\product_test\app\controllers\product_client_releases_controller.php, line 54]
2015-07-27 09:21:11 Debug: Notice (8): Undefined index: ProductClientRelease in [E:\xampp\htdocs\product_test\app\controllers\product_client_releases_controller.php, line 55]
2015-07-27 09:21:11 Debug: Notice (8): Undefined index: ProductClientRelease in [E:\xampp\htdocs\product_test\app\controllers\product_client_releases_controller.php, line 56]
2015-07-27 09:24:52 Debug: Notice (8): Undefined index: product_id in [E:\xampp\htdocs\product_test\app\controllers\product_client_releases_controller.php, line 52]
2015-07-27 09:24:52 Debug: Notice (8): Undefined index: client_id in [E:\xampp\htdocs\product_test\app\controllers\product_client_releases_controller.php, line 53]
2015-07-27 09:27:41 Debug: Notice (8): Undefined index: product_name in [E:\xampp\htdocs\product_test\app\models\product_client_release.php, line 40]
2015-07-27 09:38:47 Debug: Notice (8): Undefined variable: product_client_release in [E:\xampp\htdocs\product_test\app\views\elements\product_client_releases\index_pagging.ctp, line 38]
2015-07-27 09:38:47 Debug: Notice (8): Undefined variable: product_client_release in [E:\xampp\htdocs\product_test\app\views\elements\product_client_releases\index_pagging.ctp, line 39]
2015-07-27 09:38:47 Debug: Notice (8): Undefined variable: product_client_release in [E:\xampp\htdocs\product_test\app\views\elements\product_client_releases\index_pagging.ctp, line 40]
2015-07-27 09:38:47 Debug: Notice (8): Undefined variable: product_client_release in [E:\xampp\htdocs\product_test\app\views\elements\product_client_releases\index_pagging.ctp, line 41]
2015-07-27 09:38:47 Debug: Notice (8): Undefined variable: product_client_release in [E:\xampp\htdocs\product_test\app\views\elements\product_client_releases\index_pagging.ctp, line 42]
2015-07-27 09:38:47 Debug: Notice (8): Undefined variable: product_client_release in [E:\xampp\htdocs\product_test\app\views\elements\product_client_releases\index_pagging.ctp, line 44]
2015-07-27 09:38:47 Debug: Notice (8): Undefined variable: product_client_release in [E:\xampp\htdocs\product_test\app\views\elements\product_client_releases\index_pagging.ctp, line 47]
2015-07-27 09:38:47 Debug: Notice (8): Undefined variable: product_client_release in [E:\xampp\htdocs\product_test\app\views\elements\product_client_releases\index_pagging.ctp, line 50]
2015-07-27 09:39:02 Debug: Notice (8): Undefined index: ProductClientReleases in [E:\xampp\htdocs\product_test\app\views\elements\product_client_releases\index_pagging.ctp, line 38]
2015-07-27 09:39:02 Debug: Notice (8): Undefined index: ProductClientReleases in [E:\xampp\htdocs\product_test\app\views\elements\product_client_releases\index_pagging.ctp, line 39]
2015-07-27 09:39:02 Debug: Notice (8): Undefined index: ProductClientReleases in [E:\xampp\htdocs\product_test\app\views\elements\product_client_releases\index_pagging.ctp, line 40]
2015-07-27 09:39:02 Debug: Notice (8): Undefined index: ProductClientReleases in [E:\xampp\htdocs\product_test\app\views\elements\product_client_releases\index_pagging.ctp, line 41]
2015-07-27 09:39:02 Debug: Notice (8): Undefined index: Client in [E:\xampp\htdocs\product_test\app\views\elements\product_client_releases\index_pagging.ctp, line 42]
2015-07-27 09:39:02 Debug: Notice (8): Undefined index: Client in [E:\xampp\htdocs\product_test\app\views\elements\product_client_releases\index_pagging.ctp, line 44]
2015-07-27 09:39:02 Debug: Notice (8): Undefined index: Client in [E:\xampp\htdocs\product_test\app\views\elements\product_client_releases\index_pagging.ctp, line 47]
2015-07-27 09:39:02 Debug: Notice (8): Undefined index: ProductClientReleases in [E:\xampp\htdocs\product_test\app\views\elements\product_client_releases\index_pagging.ctp, line 50]
2015-07-27 09:39:52 Debug: Notice (8): Undefined variable: product_client_release in [E:\xampp\htdocs\product_test\app\views\elements\product_client_releases\index_pagging.ctp, line 38]
2015-07-27 09:39:52 Debug: Notice (8): Undefined variable: product_client_release in [E:\xampp\htdocs\product_test\app\views\elements\product_client_releases\index_pagging.ctp, line 39]
2015-07-27 09:39:52 Debug: Notice (8): Undefined variable: product_client_release in [E:\xampp\htdocs\product_test\app\views\elements\product_client_releases\index_pagging.ctp, line 40]
2015-07-27 09:39:52 Debug: Notice (8): Undefined variable: product_client_release in [E:\xampp\htdocs\product_test\app\views\elements\product_client_releases\index_pagging.ctp, line 41]
2015-07-27 09:39:52 Debug: Notice (8): Undefined variable: product_client_release in [E:\xampp\htdocs\product_test\app\views\elements\product_client_releases\index_pagging.ctp, line 42]
2015-07-27 09:39:53 Debug: Notice (8): Undefined variable: product_client_release in [E:\xampp\htdocs\product_test\app\views\elements\product_client_releases\index_pagging.ctp, line 44]
2015-07-27 09:39:53 Debug: Notice (8): Undefined variable: product_client_release in [E:\xampp\htdocs\product_test\app\views\elements\product_client_releases\index_pagging.ctp, line 47]
2015-07-27 09:39:53 Debug: Notice (8): Undefined variable: product_client_release in [E:\xampp\htdocs\product_test\app\views\elements\product_client_releases\index_pagging.ctp, line 50]
2015-07-27 09:41:41 Debug: Notice (8): Undefined index: Client in [E:\xampp\htdocs\product_test\app\views\elements\product_client_releases\index_pagging.ctp, line 42]
2015-07-27 09:41:41 Debug: Notice (8): Undefined variable: product_client_release in [E:\xampp\htdocs\product_test\app\views\elements\product_client_releases\index_pagging.ctp, line 44]
2015-07-27 09:41:41 Debug: Notice (8): Undefined variable: product_client_release in [E:\xampp\htdocs\product_test\app\views\elements\product_client_releases\index_pagging.ctp, line 47]
2015-07-27 09:41:41 Debug: Notice (8): Undefined variable: product_client_release in [E:\xampp\htdocs\product_test\app\views\elements\product_client_releases\index_pagging.ctp, line 50]
2015-07-27 09:41:54 Debug: Notice (8): Undefined index: Client in [E:\xampp\htdocs\product_test\app\views\elements\product_client_releases\index_pagging.ctp, line 42]
2015-07-27 09:41:54 Debug: Notice (8): Undefined index: ProductClientReleases in [E:\xampp\htdocs\product_test\app\views\elements\product_client_releases\index_pagging.ctp, line 50]
2015-07-27 09:42:02 Debug: Notice (8): Undefined index: ProductClientReleases in [E:\xampp\htdocs\product_test\app\views\elements\product_client_releases\index_pagging.ctp, line 50]
2015-07-27 09:42:33 Debug: Notice (8): Undefined index: Product in [E:\xampp\htdocs\product_test\app\views\product_client_releases\view.ctp, line 44]
2015-07-27 09:42:33 Debug: Notice (8): Undefined index: Product in [E:\xampp\htdocs\product_test\app\views\product_client_releases\view.ctp, line 49]
2015-07-27 09:42:33 Debug: Notice (8): Undefined index: Product in [E:\xampp\htdocs\product_test\app\views\product_client_releases\view.ctp, line 54]
2015-07-27 09:42:33 Debug: Notice (8): Undefined index: Product in [E:\xampp\htdocs\product_test\app\views\product_client_releases\view.ctp, line 59]
2015-07-27 09:45:19 Debug: Notice (8): Undefined property: ProductClientReleasesController::$Product in [E:\xampp\htdocs\product_test\app\controllers\product_client_releases_controller.php, line 130]
2015-07-27 09:47:44 Debug: Notice (8): Undefined property: ProductClientReleasesController::$Product in [E:\xampp\htdocs\product_test\app\controllers\product_client_releases_controller.php, line 132]
2015-07-27 09:48:53 Debug: Notice (8): Undefined index: Product in [E:\xampp\htdocs\product_test\app\views\product_client_releases\edit.ctp, line 61]
2015-07-27 09:51:12 Debug: Notice (8): Undefined index: Product in [E:\xampp\htdocs\product_test\app\views\product_client_releases\edit.ctp, line 76]
2015-07-27 09:51:49 Debug: Notice (8): Undefined index: Product in [E:\xampp\htdocs\product_test\app\views\product_client_releases\edit.ctp, line 76]
2015-07-27 09:55:16 Debug: Notice (8): Undefined index: product_id in [E:\xampp\htdocs\product_test\app\controllers\product_client_releases_controller.php, line 114]
2015-07-27 09:55:16 Debug: Notice (8): Undefined index: client_id in [E:\xampp\htdocs\product_test\app\controllers\product_client_releases_controller.php, line 115]
2015-07-27 10:02:42 Debug: Notice (8): Undefined variable: ProductClientRelease in [E:\xampp\htdocs\product_test\app\controllers\product_client_releases_controller.php, line 146]
2015-07-27 10:05:22 Debug: Notice (8): Undefined index: ProductClientRelease in [E:\xampp\htdocs\product_test\app\controllers\product_client_releases_controller.php, line 20]
2015-07-27 11:48:25 Debug: Notice (8): Undefined variable: statuses in [E:\xampp\htdocs\product_test\app\views\product_client_releases\add_release.ctp, line 33]
2015-07-27 11:49:17 Debug: Notice (8): Undefined variable: statuses in [E:\xampp\htdocs\product_test\app\views\product_client_releases\add_release.ctp, line 33]
2015-07-27 11:51:05 Debug: Notice (8): Undefined variable: statuses in [E:\xampp\htdocs\product_test\app\views\product_client_releases\add_release.ctp, line 33]
2015-07-27 12:04:12 Debug: Notice (8): Undefined property: ProductClientReleasesController::$Product in [E:\xampp\htdocs\product_test\app\controllers\product_client_releases_controller.php, line 38]
2015-07-27 12:06:23 Debug: Notice (8): Undefined variable: product_id in [E:\xampp\htdocs\product_test\app\views\product_client_releases\add_release.ctp, line 33]
2015-07-27 12:06:53 Debug: Notice (8): Undefined variable: product_id in [E:\xampp\htdocs\product_test\app\views\product_client_releases\add_release.ctp, line 33]
2015-07-27 12:08:54 Debug: Notice (8): Undefined property: ProductClientReleasesController::$Product in [E:\xampp\htdocs\product_test\app\controllers\product_client_releases_controller.php, line 38]
2015-07-27 12:09:28 Debug: Notice (8): Undefined property: ProductClientReleasesController::$Product in [E:\xampp\htdocs\product_test\app\controllers\product_client_releases_controller.php, line 38]
2015-07-27 12:10:07 Debug: Notice (8): Undefined property: ProductClientReleasesController::$Product in [E:\xampp\htdocs\product_test\app\controllers\product_client_releases_controller.php, line 38]
2015-07-27 12:11:21 Debug: Notice (8): Undefined property: ProductClientReleasesController::$Product in [E:\xampp\htdocs\product_test\app\controllers\product_client_releases_controller.php, line 38]
2015-07-27 12:13:36 Debug: Notice (8): Undefined property: ProductClientReleasesController::$Product in [E:\xampp\htdocs\product_test\app\controllers\product_client_releases_controller.php, line 38]
2015-07-27 12:16:06 Debug: Notice (8): Undefined property: ProductClientReleasesController::$Product in [E:\xampp\htdocs\product_test\app\controllers\product_client_releases_controller.php, line 38]
2015-07-27 12:17:20 Debug: Notice (8): Undefined variable: product_name in [E:\xampp\htdocs\product_test\app\views\product_client_releases\add_release.ctp, line 33]
2015-07-27 12:19:28 Debug: Notice (8): Undefined variable: product_name in [E:\xampp\htdocs\product_test\app\views\product_client_releases\add_release.ctp, line 33]
2015-07-27 12:29:20 Debug: Notice (8): Undefined variable: product_name in [E:\xampp\htdocs\product_test\app\views\product_client_releases\add_release.ctp, line 33]
2015-07-27 12:31:49 Debug: Notice (8): Undefined variable: product_name in [E:\xampp\htdocs\product_test\app\views\product_client_releases\add_release.ctp, line 33]
2015-07-27 12:32:11 Debug: Notice (8): Undefined variable: product_name in [E:\xampp\htdocs\product_test\app\views\product_client_releases\add_release.ctp, line 33]
2015-07-27 12:34:31 Debug: Notice (8): Undefined variable: product_name in [E:\xampp\htdocs\product_test\app\views\product_client_releases\add_release.ctp, line 33]
2015-07-27 12:35:02 Debug: Notice (8): Undefined variable: product_name in [E:\xampp\htdocs\product_test\app\views\product_client_releases\add_release.ctp, line 33]
2015-07-27 12:35:12 Debug: Notice (8): Undefined variable: product_id in [E:\xampp\htdocs\product_test\app\views\product_client_releases\add_release.ctp, line 33]
2015-07-27 12:35:18 Debug: Notice (8): Undefined variable: id in [E:\xampp\htdocs\product_test\app\views\product_client_releases\add_release.ctp, line 33]
2015-07-27 12:38:07 Debug: Notice (8): Undefined variable: product_name in [E:\xampp\htdocs\product_test\app\controllers\product_client_releases_controller.php, line 41]
2015-07-27 12:38:16 Debug: Notice (8): Undefined variable: product_name in [E:\xampp\htdocs\product_test\app\controllers\product_client_releases_controller.php, line 41]
2015-07-27 12:38:27 Debug: Notice (8): Use of undefined constant GetProductName - assumed 'GetProductName' in [E:\xampp\htdocs\product_test\app\controllers\product_client_releases_controller.php, line 41]
2015-07-27 12:47:15 Debug: Notice (8): Undefined variable: products in [E:\xampp\htdocs\product_test\app\views\product_client_releases\add_release.ctp, line 33]
2015-07-27 12:49:04 Debug: Notice (8): Undefined variable: products in [E:\xampp\htdocs\product_test\app\views\product_client_releases\add_release.ctp, line 33]
2015-07-27 12:50:33 Debug: Notice (8): Undefined variable: products in [E:\xampp\htdocs\product_test\app\views\product_client_releases\add_release.ctp, line 33]
2015-07-27 12:51:51 Debug: Notice (8): Undefined variable: products in [E:\xampp\htdocs\product_test\app\controllers\product_client_releases_controller.php, line 41]
2015-07-27 12:52:07 Debug: Notice (8): Undefined variable: products_list in [E:\xampp\htdocs\product_test\app\controllers\product_client_releases_controller.php, line 41]
2015-07-27 12:57:17 Debug: Notice (8): Undefined variable: products_list in [E:\xampp\htdocs\product_test\app\controllers\product_client_releases_controller.php, line 41]
2015-07-27 12:57:33 Debug: Notice (8): Undefined variable: products in [E:\xampp\htdocs\product_test\app\views\product_client_releases\add_release.ctp, line 33]
2015-07-27 12:58:05 Debug: Notice (8): Undefined variable: products_list in [E:\xampp\htdocs\product_test\app\views\product_client_releases\add_release.ctp, line 33]
2015-07-27 14:09:33 Debug: Notice (8): Undefined variable: product_id in [E:\xampp\htdocs\product_test\app\views\product_client_releases\edit.ctp, line 63]
2015-07-27 14:09:33 Debug: Notice (8): Undefined index: before in [E:\xampp\htdocs\product_test\cake\libs\view\helpers\form.php, line 886]
2015-07-27 14:09:33 Debug: Notice (8): Undefined index: between in [E:\xampp\htdocs\product_test\cake\libs\view\helpers\form.php, line 886]
2015-07-27 14:09:33 Debug: Notice (8): Undefined index: after in [E:\xampp\htdocs\product_test\cake\libs\view\helpers\form.php, line 886]
2015-07-27 14:09:33 Debug: Notice (8): Undefined index: format in [E:\xampp\htdocs\product_test\cake\libs\view\helpers\form.php, line 889]
2015-07-27 14:09:48 Debug: Notice (8): Undefined variable: products_list in [E:\xampp\htdocs\product_test\app\views\product_client_releases\edit.ctp, line 63]
2015-07-27 14:09:48 Debug: Notice (8): Undefined index: before in [E:\xampp\htdocs\product_test\cake\libs\view\helpers\form.php, line 886]
2015-07-27 14:09:48 Debug: Notice (8): Undefined index: between in [E:\xampp\htdocs\product_test\cake\libs\view\helpers\form.php, line 886]
2015-07-27 14:09:48 Debug: Notice (8): Undefined index: after in [E:\xampp\htdocs\product_test\cake\libs\view\helpers\form.php, line 886]
2015-07-27 14:09:48 Debug: Notice (8): Undefined index: format in [E:\xampp\htdocs\product_test\cake\libs\view\helpers\form.php, line 889]
2015-07-27 14:10:48 Debug: Notice (8): Undefined variable: products_list in [E:\xampp\htdocs\product_test\app\views\product_client_releases\edit.ctp, line 63]
2015-07-27 14:10:48 Debug: Notice (8): Undefined index: before in [E:\xampp\htdocs\product_test\cake\libs\view\helpers\form.php, line 886]
2015-07-27 14:10:48 Debug: Notice (8): Undefined index: between in [E:\xampp\htdocs\product_test\cake\libs\view\helpers\form.php, line 886]
2015-07-27 14:10:48 Debug: Notice (8): Undefined index: after in [E:\xampp\htdocs\product_test\cake\libs\view\helpers\form.php, line 886]
2015-07-27 14:10:48 Debug: Notice (8): Undefined index: format in [E:\xampp\htdocs\product_test\cake\libs\view\helpers\form.php, line 889]
2015-07-27 14:12:59 Debug: Notice (8): Undefined variable: products_list in [E:\xampp\htdocs\product_test\app\views\product_client_releases\edit.ctp, line 63]
2015-07-27 15:15:27 Debug: Notice (8): Undefined index: release_no in [E:\xampp\htdocs\product_test\app\models\product_client_license.php, line 41]
2015-07-27 15:17:21 Debug: Notice (8): Undefined index: release_no in [E:\xampp\htdocs\product_test\app\models\product_client_license.php, line 41]
2015-07-28 14:08:08 Debug: Notice (8): Use of undefined constant jQuery - assumed 'jQuery' in [E:\xampp\htdocs\product_test\app\views\product_client_releases\index.ctp, line 3]
2015-07-28 14:08:19 Debug: Notice (8): Use of undefined constant jQuery - assumed 'jQuery' in [E:\xampp\htdocs\product_test\app\views\product_client_releases\index.ctp, line 3]
2015-07-28 14:08:26 Debug: Notice (8): Use of undefined constant jQuery - assumed 'jQuery' in [E:\xampp\htdocs\product_test\app\views\product_client_releases\index.ctp, line 3]
2015-07-28 17:56:39 Debug: Notice (8): Undefined property: ClientsController::$Product in [E:\xampp\htdocs\product_test\app\controllers\clients_controller.php, line 38]
2015-07-28 17:59:03 Debug: Notice (8): Undefined variable: products_list in [E:\xampp\htdocs\product_test\app\views\clients\add_client.ctp, line 23]
2015-07-28 18:01:24 Debug: Notice (8): Undefined variable: products_list in [E:\xampp\htdocs\product_test\app\views\clients\add_client.ctp, line 23]
2015-07-28 18:03:39 Debug: Notice (8): Undefined variable: products_list in [E:\xampp\htdocs\product_test\app\views\clients\add_client.ctp, line 23]
2015-07-28 18:03:59 Debug: Notice (8): Undefined variable: products_list in [E:\xampp\htdocs\product_test\app\controllers\clients_controller.php, line 41]
2015-07-28 18:04:13 Debug: Notice (8): Undefined variable: products_list in [E:\xampp\htdocs\product_test\app\controllers\product_client_licenses_controller.php, line 42]
2015-07-28 18:04:33 Debug: Notice (8): Undefined variable: products_list in [E:\xampp\htdocs\product_test\app\views\clients\add_client.ctp, line 23]
2015-07-28 18:05:21 Debug: Notice (8): Undefined variable: products_list in [E:\xampp\htdocs\product_test\app\views\clients\add_client.ctp, line 23]
2015-07-28 18:06:29 Debug: Notice (8): Undefined variable: products_list in [E:\xampp\htdocs\product_test\app\views\clients\add_client.ctp, line 23]
2015-07-28 18:17:15 Debug: Notice (8): Undefined index: before in [E:\xampp\htdocs\product_test\cake\libs\view\helpers\form.php, line 886]
2015-07-28 18:17:15 Debug: Notice (8): Undefined index: between in [E:\xampp\htdocs\product_test\cake\libs\view\helpers\form.php, line 886]
2015-07-28 18:17:15 Debug: Notice (8): Undefined index: after in [E:\xampp\htdocs\product_test\cake\libs\view\helpers\form.php, line 886]
2015-07-28 18:17:15 Debug: Notice (8): Undefined index: format in [E:\xampp\htdocs\product_test\cake\libs\view\helpers\form.php, line 889]
2015-07-28 18:30:42 Debug: Notice (8): Undefined variable: selectedWarnings in [E:\xampp\htdocs\product_test\app\views\clients\add_client.ctp, line 25]
2015-07-28 18:30:43 Debug: Notice (8): Undefined variable: selectedWarnings in [E:\xampp\htdocs\product_test\app\views\clients\add_client.ctp, line 25]
2015-07-28 18:48:06 Debug: Notice (8): Undefined variable: products_list in [E:\xampp\htdocs\product_test\app\views\clients\add_client.ctp, line 31]
2015-07-29 09:59:58 Debug: Notice (8): Undefined variable: selectedWarnings in [E:\xampp\htdocs\product_test\app\views\clients\add_client.ctp, line 32]
2015-07-29 10:04:44 Debug: Notice (8): Undefined variable: product_name in [E:\xampp\htdocs\product_test\app\views\clients\add_client.ctp, line 28]
2015-07-29 10:05:09 Debug: Notice (8): Undefined variable: product_name in [E:\xampp\htdocs\product_test\app\views\clients\add_client.ctp, line 28]
2015-07-29 10:25:08 Debug: Notice (8): Undefined variable: product_list in [E:\xampp\htdocs\product_test\app\views\clients\add_client.ctp, line 29]
2015-07-29 12:05:19 Debug: Notice (8): Undefined variable: id in [E:\xampp\htdocs\product_test\app\views\clients\add_client.ctp, line 33]
2015-07-29 12:05:19 Debug: Notice (8): Undefined variable: product_name in [E:\xampp\htdocs\product_test\app\views\clients\add_client.ctp, line 33]
2015-07-29 12:05:37 Debug: Notice (8): Undefined variable: id in [E:\xampp\htdocs\product_test\app\views\clients\add_client.ctp, line 33]
2015-07-29 12:07:19 Debug: Notice (8): Undefined variable: id in [E:\xampp\htdocs\product_test\app\views\clients\add_client.ctp, line 33]
2015-07-29 12:08:18 Debug: Notice (8): Undefined variable: products_lists in [E:\xampp\htdocs\product_test\app\views\clients\add_client.ctp, line 33]
2015-07-29 12:10:49 Debug: Notice (8): Undefined index: product_name in [E:\xampp\htdocs\product_test\app\views\clients\add_client.ctp, line 33]
2015-07-29 12:10:52 Debug: Notice (8): Undefined index: product_name in [E:\xampp\htdocs\product_test\app\views\clients\add_client.ctp, line 33]
2015-07-29 12:12:02 Debug: Notice (8): Undefined index: product in [E:\xampp\htdocs\product_test\app\views\clients\add_client.ctp, line 33]
2015-07-29 12:12:10 Debug: Notice (8): Undefined index: Product in [E:\xampp\htdocs\product_test\app\views\clients\add_client.ctp, line 33]
2015-07-29 12:15:03 Debug: Notice (8): Undefined variable: product_list in [E:\xampp\htdocs\product_test\app\views\clients\add_client.ctp, line 30]
2015-07-29 12:46:36 Debug: Notice (8): Trying to get property of non-object in [E:\xampp\htdocs\product_test\app\controllers\clients_controller.php, line 71]
2015-07-29 13:00:08 Debug: Notice (8): Undefined index: product_list in [E:\xampp\htdocs\product_test\app\controllers\clients_controller.php, line 75]
2015-07-29 13:55:38 Debug: Notice (8): Undefined variable: last_inserted_id in [E:\xampp\htdocs\product_test\app\controllers\clients_controller.php, line 58]
2015-07-29 13:58:31 Debug: Notice (8): Undefined index: product_list in [E:\xampp\htdocs\product_test\app\controllers\clients_controller.php, line 75]
2015-07-29 14:05:41 Debug: Notice (8): Undefined index: product_list in [E:\xampp\htdocs\product_test\app\controllers\clients_controller.php, line 75]
2015-07-29 14:16:32 Debug: Notice (8): Undefined property: ClientsController::$Product_Client in [E:\xampp\htdocs\product_test\app\controllers\clients_controller.php, line 86]
2015-07-29 14:29:18 Debug: Notice (8): Undefined property: ClientsController::$ProductClient in [E:\xampp\htdocs\product_test\app\controllers\clients_controller.php, line 79]
2015-07-29 15:38:22 Debug: Notice (8): Undefined variable: model_name in [E:\xampp\htdocs\product_test\app\views\product_client_releases\add_release.ctp, line 34]
2015-07-30 12:56:30 Debug: Notice (8): Undefined variable: load_products in [E:\xampp\htdocs\product_test\app\views\product_client_releases\add_release.ctp, line 39]
2015-07-30 14:06:52 Debug: Notice (8): Undefined variable: load_products in [E:\xampp\htdocs\product_test\app\controllers\products_controller.php, line 162]
2015-07-30 14:07:44 Debug: Notice (8): Undefined variable: load_products in [E:\xampp\htdocs\product_test\app\controllers\products_controller.php, line 166]
2015-07-30 14:37:51 Debug: Notice (8): Undefined variable: client_product in [E:\xampp\htdocs\product_test\app\views\product_client_releases\add_release.ctp, line 39]
2015-07-30 14:38:13 Debug: Notice (8): Undefined variable: client_id in [E:\xampp\htdocs\product_test\app\controllers\product_client_releases_controller.php, line 80]
2015-07-30 15:44:40 Debug: Notice (8): Undefined property: ProductClientReleasesController::$ProductClient in [E:\xampp\htdocs\product_test\app\controllers\product_client_releases_controller.php, line 80]
2015-07-30 15:58:31 Debug: Notice (8): Undefined variable: load_products in [E:\xampp\htdocs\product_test\app\views\product_client_releases\add_release.ctp, line 39]
2015-07-30 16:20:46 Debug: Notice (8): Undefined variable: product_list in [E:\xampp\htdocs\product_test\app\views\product_client_releases\add_release.ctp, line 39]
2015-07-30 16:23:40 Debug: Notice (8): Undefined index: ProductClient in [E:\xampp\htdocs\product_test\app\controllers\products_controller.php, line 21]
2015-07-30 16:27:16 Debug: Notice (8): Undefined index: product_id in [E:\xampp\htdocs\product_test\app\controllers\product_client_releases_controller.php, line 55]
2015-07-30 16:28:49 Debug: Notice (8): Undefined index: product_id in [E:\xampp\htdocs\product_test\app\controllers\product_client_releases_controller.php, line 55]
2015-07-30 16:39:52 Debug: Notice (8): Undefined index: product_id in [E:\xampp\htdocs\product_test\app\controllers\product_client_releases_controller.php, line 122]
2015-07-30 16:41:17 Debug: Notice (8): Undefined index: product_id in [E:\xampp\htdocs\product_test\app\controllers\product_client_releases_controller.php, line 122]
2015-07-30 16:41:40 Debug: Notice (8): Undefined index: product_id in [E:\xampp\htdocs\product_test\app\controllers\product_client_releases_controller.php, line 122]
2015-07-30 16:46:17 Debug: Notice (8): Undefined index: product_id in [E:\xampp\htdocs\product_test\app\controllers\product_client_licenses_controller.php, line 53]
2015-07-30 17:36:05 Debug: Notice (8): Undefined index: ProductClientRelease in [E:\xampp\htdocs\product_test\app\controllers\product_client_licenses_controller.php, line 114]
2015-07-30 17:42:54 Debug: Notice (8): Undefined index: ProductClientRelease in [E:\xampp\htdocs\product_test\app\controllers\product_client_licenses_controller.php, line 53]
2015-07-31 09:58:17 Debug: Notice (8): Undefined variable: product_list in [D:\xampp\htdocs\product_test\app\views\clients\edit.ctp, line 61]
2015-07-31 09:58:46 Debug: Notice (8): Undefined variable: product_list in [D:\xampp\htdocs\product_test\app\views\clients\edit.ctp, line 61]
2015-07-31 09:59:07 Debug: Notice (8): Undefined variable: product_list in [D:\xampp\htdocs\product_test\app\views\clients\edit.ctp, line 61]
2015-07-31 10:28:48 Debug: Notice (8): Undefined variable: id in [D:\xampp\htdocs\product_test\app\views\clients\edit.ctp, line 41]
2015-07-31 10:29:10 Debug: Notice (8): Undefined variable: id in [D:\xampp\htdocs\product_test\app\views\clients\edit.ctp, line 41]
2015-07-31 10:29:15 Debug: Notice (8): Undefined variable: id in [D:\xampp\htdocs\product_test\app\views\clients\edit.ctp, line 41]
2015-07-31 11:44:02 Debug: Notice (8): Undefined variable: selected_products in [D:\xampp\htdocs\product_test\app\controllers\clients_controller.php, line 157]
2015-07-31 11:48:48 Debug: Notice (8): Undefined index: product_name in [D:\xampp\htdocs\product_test\app\views\clients\edit.ctp, line 62]
2015-07-31 14:31:38 Debug: Notice (8): Undefined index: Client in [D:\xampp\htdocs\product_test\app\views\clients\view.ctp, line 44]
2015-07-31 14:31:38 Debug: Notice (8): Undefined index: Client in [D:\xampp\htdocs\product_test\app\views\clients\view.ctp, line 49]
2015-07-31 14:31:38 Debug: Notice (8): Undefined index: Client in [D:\xampp\htdocs\product_test\app\views\clients\view.ctp, line 54]
2015-07-31 14:31:38 Debug: Notice (8): Undefined index: Client in [D:\xampp\htdocs\product_test\app\views\clients\view.ctp, line 59]
2015-07-31 15:25:48 Debug: Notice (8): Undefined variable: release_location in [D:\xampp\htdocs\product_test\app\views\product_client_releases\edit.ctp, line 60]
2015-07-31 15:34:41 Debug: Notice (8): Undefined index: key in [D:\xampp\htdocs\product_test\app\views\product_client_releases\edit.ctp, line 60]
2015-07-31 16:00:51 Debug: Notice (8): Undefined index: ReleaseMode in [D:\xampp\htdocs\product_test\app\controllers\release_modes_controller.php, line 49]
2015-07-31 16:08:45 Debug: Notice (8): Undefined variable: Product in [D:\xampp\htdocs\product_test\app\views\elements\release_modes\index_pagging.ctp, line 38]
2015-07-31 16:08:45 Debug: Notice (8): Undefined variable: Product in [D:\xampp\htdocs\product_test\app\views\elements\release_modes\index_pagging.ctp, line 41]
2015-07-31 16:08:45 Debug: Notice (8): Undefined variable: Product in [D:\xampp\htdocs\product_test\app\views\elements\release_modes\index_pagging.ctp, line 44]
2015-07-31 16:16:32 Debug: Notice (8): Undefined property: ProductClientReleasesController::$ReleaseMode in [D:\xampp\htdocs\product_test\app\controllers\product_client_releases_controller.php, line 41]
2015-07-31 16:16:57 Debug: Notice (8): Undefined variable: releases_list in [D:\xampp\htdocs\product_test\app\views\product_client_releases\add_release.ctp, line 38]
2015-07-31 16:19:39 Debug: Notice (8): Undefined variable: releases_list in [D:\xampp\htdocs\product_test\app\views\product_client_releases\edit.ctp, line 60]
2015-07-31 17:46:23 Debug: Notice (8): Undefined variable: model_name in [D:\xampp\htdocs\product_test\app\views\products\product_based_clients.ctp, line 4]
2015-07-31 17:46:23 Debug: Notice (8): Undefined variable: model_name in [D:\xampp\htdocs\product_test\app\views\products\product_based_clients.ctp, line 4]
2015-07-31 19:05:12 Debug: Notice (8): Undefined property: ProductClientRelease::$ProductClientRelease in [D:\xampp\htdocs\product_test\app\models\product_client_release.php, line 97]
2015-07-31 19:05:58 Debug: Notice (8): Undefined property: ProductClientRelease::$ProductClientRelease in [D:\xampp\htdocs\product_test\app\models\product_client_release.php, line 97]
2015-07-31 19:11:35 Debug: Notice (8): Undefined index: ProductClientRelease in [D:\xampp\htdocs\product_test\app\models\product_client_release.php, line 101]
2015-08-03 09:19:49 Debug: Notice (8): Undefined index: ProductClientRelease in [D:\xampp\htdocs\product_test\app\models\product_client_release.php, line 118]
2015-08-03 09:34:13 Debug: Notice (8): Undefined index: ProductClientRelease in [D:\xampp\htdocs\product_test\app\models\product_client_release.php, line 121]
2015-08-03 12:33:54 Debug: Notice (8): Undefined index: release_name in [D:\xampp\htdocs\product_test\app\views\elements\product_client_releases\index_pagging.ctp, line 42]
2015-08-03 12:43:15 Debug: Notice (8): Undefined variable: ProductClientRelease in [D:\xampp\htdocs\product_test\app\views\elements\product_client_licenses\index_pagging.ctp, line 40]
2015-08-03 12:43:15 Debug: Notice (8): Undefined variable: ProductClientRelease in [D:\xampp\htdocs\product_test\app\views\elements\product_client_licenses\index_pagging.ctp, line 41]
2015-08-03 12:44:01 Debug: Notice (8): Undefined index: Client in [D:\xampp\htdocs\product_test\app\views\elements\product_client_licenses\index_pagging.ctp, line 40]
2015-08-03 12:44:01 Debug: Notice (8): Undefined index: Product in [D:\xampp\htdocs\product_test\app\views\elements\product_client_licenses\index_pagging.ctp, line 41]
2015-08-03 12:44:16 Debug: Notice (8): Undefined variable: ProductClientRelease in [D:\xampp\htdocs\product_test\app\views\elements\product_client_licenses\index_pagging.ctp, line 34]
2015-08-03 15:00:31 Debug: Notice (8): Undefined index: renewal_date in [D:\xampp\htdocs\product_test\app\views\product_client_licenses\add_license.ctp, line 48]
2015-08-03 15:00:32 Debug: Notice (8): Undefined index: before in [D:\xampp\htdocs\product_test\cake\libs\view\helpers\form.php, line 886]
2015-08-03 15:00:32 Debug: Notice (8): Undefined index: between in [D:\xampp\htdocs\product_test\cake\libs\view\helpers\form.php, line 886]
2015-08-03 15:00:32 Debug: Notice (8): Undefined index: after in [D:\xampp\htdocs\product_test\cake\libs\view\helpers\form.php, line 886]
2015-08-03 15:00:32 Debug: Notice (8): Undefined index: format in [D:\xampp\htdocs\product_test\cake\libs\view\helpers\form.php, line 889]
2015-08-03 15:03:46 Debug: Notice (8): Undefined index: renewal_date in [D:\xampp\htdocs\product_test\app\views\product_client_licenses\add_license.ctp, line 48]
2015-08-03 15:05:17 Debug: Notice (8): Undefined index: renewal_date in [D:\xampp\htdocs\product_test\app\views\product_client_licenses\add_license.ctp, line 51]
2015-08-03 17:33:10 Debug: Notice (8): Undefined index: renewal_date in [D:\xampp\htdocs\product_test\app\controllers\product_client_licenses_controller.php, line 56]
2015-08-03 17:35:03 Debug: Notice (8): Undefined index: renewal_date in [D:\xampp\htdocs\product_test\app\controllers\product_client_licenses_controller.php, line 56]
2015-08-03 17:35:54 Debug: Notice (8): Undefined index: renewal_date in [D:\xampp\htdocs\product_test\app\controllers\product_client_licenses_controller.php, line 56]
2015-08-03 17:36:36 Debug: Notice (8): Undefined index: renewal_date in [D:\xampp\htdocs\product_test\app\controllers\product_client_licenses_controller.php, line 56]
2015-08-03 18:04:03 Debug: Notice (8): Undefined property: ProductClientLicensesController::$Invoice in [D:\xampp\htdocs\product_test\app\controllers\product_client_licenses_controller.php, line 76]
2015-08-03 18:04:03 Debug: Notice (8): Trying to get property of non-object in [D:\xampp\htdocs\product_test\app\controllers\product_client_licenses_controller.php, line 76]
2015-08-04 12:03:47 Debug: Notice (8): Undefined index: Product in [D:\xampp\htdocs\product_test\app\views\clients\view.ctp, line 59]
2015-08-05 10:22:00 Debug: Notice (8): Undefined index: created_by in [D:\xampp\htdocs\product_test\app\controllers\product_client_licenses_controller.php, line 62]
2015-08-05 10:22:00 Debug: Notice (8): Undefined index: ProductClientLicense in [D:\xampp\htdocs\product_test\app\controllers\product_client_licenses_controller.php, line 78]
2015-08-05 10:23:58 Debug: Notice (8): Undefined index: ProductClientLicense in [D:\xampp\htdocs\product_test\app\controllers\product_client_licenses_controller.php, line 75]
2015-08-05 14:10:33 Debug: Notice (8): Undefined index: id in [D:\xampp\htdocs\product_test\app\views\product_client_licenses\add_license.ctp, line 70]
2015-08-05 14:11:42 Debug: Notice (8): Undefined index: id in [D:\xampp\htdocs\product_test\app\views\product_client_licenses\add_license.ctp, line 70]
2015-08-05 14:12:10 Debug: Notice (8): Undefined index: id in [D:\xampp\htdocs\product_test\app\views\product_client_licenses\add_license.ctp, line 70]
2015-08-05 14:13:18 Debug: Notice (8): Undefined variable: id in [D:\xampp\htdocs\product_test\app\controllers\product_client_licenses_controller.php, line 101]
2015-08-05 14:15:51 Debug: Notice (8): Undefined variable: id in [D:\xampp\htdocs\product_test\app\controllers\product_client_licenses_controller.php, line 105]
2015-08-05 14:17:03 Debug: Notice (8): Undefined variable: id in [D:\xampp\htdocs\product_test\app\controllers\product_client_licenses_controller.php, line 105]
2015-08-05 14:40:35 Debug: Notice (8): Undefined variable: id in [D:\xampp\htdocs\product_test\app\controllers\product_client_licenses_controller.php, line 100]
2015-08-05 14:40:35 Debug: Notice (8): Undefined variable: id in [D:\xampp\htdocs\product_test\app\controllers\product_client_licenses_controller.php, line 103]
2015-08-05 14:41:05 Debug: Notice (8): Undefined variable: ids in [D:\xampp\htdocs\product_test\app\controllers\product_client_licenses_controller.php, line 100]
2015-08-05 14:41:05 Debug: Notice (8): Undefined variable: ids in [D:\xampp\htdocs\product_test\app\controllers\product_client_licenses_controller.php, line 103]
2015-08-05 14:42:28 Debug: Notice (8): Undefined variable: id in [D:\xampp\htdocs\product_test\app\controllers\product_client_licenses_controller.php, line 101]
2015-08-05 14:42:28 Debug: Notice (8): Array to string conversion in [D:\xampp\htdocs\product_test\cake\libs\router.php, line 1585]
2015-08-05 14:42:37 Debug: Notice (8): Array to string conversion in [D:\xampp\htdocs\product_test\cake\libs\router.php, line 1585]
2015-08-06 10:28:34 Debug: Notice (8): Undefined index: last_expire_date in [D:\xampp\htdocs\product_test\app\views\product_client_licenses\view.ctp, line 68]
2015-08-06 12:02:32 Debug: Notice (8): Undefined property: ProductClientLicensesController::$ProductClient in [D:\xampp\htdocs\product_test\app\controllers\product_client_licenses_controller.php, line 213]
2015-08-06 12:03:29 Debug: Notice (8): Undefined property: ProductClientLicensesController::$ProductClient in [D:\xampp\htdocs\product_test\app\controllers\product_client_licenses_controller.php, line 214]
2015-08-06 12:15:14 Debug: Notice (8): Undefined variable: client_product in [D:\xampp\htdocs\product_test\app\views\product_client_licenses\client_product_based_expire_date.ctp, line 3]
2015-08-06 12:15:14 Debug: Notice (8): Undefined index: before in [D:\xampp\htdocs\product_test\cake\libs\view\helpers\form.php, line 886]
2015-08-06 12:15:14 Debug: Notice (8): Undefined index: between in [D:\xampp\htdocs\product_test\cake\libs\view\helpers\form.php, line 886]
2015-08-06 12:15:14 Debug: Notice (8): Undefined index: after in [D:\xampp\htdocs\product_test\cake\libs\view\helpers\form.php, line 886]
2015-08-06 12:15:14 Debug: Notice (8): Undefined index: format in [D:\xampp\htdocs\product_test\cake\libs\view\helpers\form.php, line 889]
2015-08-06 12:30:33 Debug: Notice (8): Undefined index: before in [D:\xampp\htdocs\product_test\cake\libs\view\helpers\form.php, line 886]
2015-08-06 12:30:33 Debug: Notice (8): Undefined index: between in [D:\xampp\htdocs\product_test\cake\libs\view\helpers\form.php, line 886]
2015-08-06 12:30:33 Debug: Notice (8): Undefined index: after in [D:\xampp\htdocs\product_test\cake\libs\view\helpers\form.php, line 886]
2015-08-06 12:30:33 Debug: Notice (8): Undefined index: format in [D:\xampp\htdocs\product_test\cake\libs\view\helpers\form.php, line 889]
2015-08-06 12:31:01 Debug: Notice (8): Undefined index: before in [D:\xampp\htdocs\product_test\cake\libs\view\helpers\form.php, line 886]
2015-08-06 12:31:01 Debug: Notice (8): Undefined index: between in [D:\xampp\htdocs\product_test\cake\libs\view\helpers\form.php, line 886]
2015-08-06 12:31:01 Debug: Notice (8): Undefined index: after in [D:\xampp\htdocs\product_test\cake\libs\view\helpers\form.php, line 886]
2015-08-06 12:31:01 Debug: Notice (8): Undefined index: format in [D:\xampp\htdocs\product_test\cake\libs\view\helpers\form.php, line 889]
2015-08-06 12:34:40 Debug: Notice (8): Undefined index: before in [D:\xampp\htdocs\product_test\cake\libs\view\helpers\form.php, line 886]
2015-08-06 12:34:40 Debug: Notice (8): Undefined index: between in [D:\xampp\htdocs\product_test\cake\libs\view\helpers\form.php, line 886]
2015-08-06 12:34:40 Debug: Notice (8): Undefined index: after in [D:\xampp\htdocs\product_test\cake\libs\view\helpers\form.php, line 886]
2015-08-06 12:34:40 Debug: Notice (8): Undefined index: format in [D:\xampp\htdocs\product_test\cake\libs\view\helpers\form.php, line 889]
2015-08-06 12:36:46 Debug: Notice (8): Array to string conversion in [D:\xampp\htdocs\product_test\app\controllers\product_client_licenses_controller.php, line 212]
2015-08-06 12:36:46 Debug: Notice (8): Undefined property: ProductClientLicensesController::$Array in [D:\xampp\htdocs\product_test\app\controllers\product_client_licenses_controller.php, line 212]
2015-08-06 12:36:46 Debug: Notice (8): Undefined index: before in [D:\xampp\htdocs\product_test\cake\libs\view\helpers\form.php, line 886]
2015-08-06 12:36:46 Debug: Notice (8): Undefined index: between in [D:\xampp\htdocs\product_test\cake\libs\view\helpers\form.php, line 886]
2015-08-06 12:36:46 Debug: Notice (8): Undefined index: after in [D:\xampp\htdocs\product_test\cake\libs\view\helpers\form.php, line 886]
2015-08-06 12:36:46 Debug: Notice (8): Undefined index: format in [D:\xampp\htdocs\product_test\cake\libs\view\helpers\form.php, line 889]
2015-08-06 13:02:09 Debug: Notice (8): Undefined index: last_expiry_date in [D:\xampp\htdocs\product_test\app\controllers\product_client_licenses_controller.php, line 76]
2015-08-06 14:07:06 Debug: Notice (8): Undefined variable: client_product_expire in [D:\xampp\htdocs\product_test\app\controllers\product_client_licenses_controller.php, line 214]
2015-08-06 14:07:42 Debug: Notice (8): Undefined variable: client_product_ex in [D:\xampp\htdocs\product_test\app\controllers\product_client_licenses_controller.php, line 214]
2015-08-06 14:10:09 Debug: Notice (8): Undefined variable: client_product_expire in [D:\xampp\htdocs\product_test\app\controllers\product_client_licenses_controller.php, line 73]
2015-08-06 14:10:09 Debug: Notice (8): Undefined index: last_expiry_date in [D:\xampp\htdocs\product_test\app\controllers\product_client_licenses_controller.php, line 80]
2015-08-06 14:10:41 Debug: Notice (8): Undefined variable: client_id in [D:\xampp\htdocs\product_test\app\controllers\product_client_licenses_controller.php, line 72]
2015-08-06 14:10:41 Debug: Notice (8): Undefined variable: product_id in [D:\xampp\htdocs\product_test\app\controllers\product_client_licenses_controller.php, line 72]
2015-08-06 14:10:41 Debug: Notice (8): Undefined variable: client_product_expire in [D:\xampp\htdocs\product_test\app\controllers\product_client_licenses_controller.php, line 73]
2015-08-06 14:10:41 Debug: Notice (8): Undefined index: last_expiry_date in [D:\xampp\htdocs\product_test\app\controllers\product_client_licenses_controller.php, line 80]
2015-08-06 14:35:50 Debug: Notice (8): Undefined index: last_expiry_date in [D:\xampp\htdocs\product_test\app\controllers\product_client_licenses_controller.php, line 82]
2015-08-06 14:37:03 Debug: Notice (8): Undefined variable: client_id in [D:\xampp\htdocs\product_test\app\controllers\product_client_licenses_controller.php, line 79]
2015-08-06 14:37:03 Debug: Notice (8): Undefined variable: product_id in [D:\xampp\htdocs\product_test\app\controllers\product_client_licenses_controller.php, line 79]
2015-08-06 14:43:17 Debug: Notice (8): Undefined index: last_expiry_date in [D:\xampp\htdocs\product_test\app\controllers\product_client_licenses_controller.php, line 83]
2015-08-06 14:43:17 Debug: Notice (8): Use of undefined constant select_id_client_product - assumed 'select_id_client_product' in [D:\xampp\htdocs\product_test\app\controllers\product_client_licenses_controller.php, line 88]
2015-08-06 14:43:55 Debug: Notice (8): Undefined index: last_expiry_date in [D:\xampp\htdocs\product_test\app\controllers\product_client_licenses_controller.php, line 83]
2015-08-06 15:15:39 Debug: Notice (8): Undefined index: created_by in [D:\xampp\htdocs\product_test\app\controllers\product_client_licenses_controller.php, line 164]
2015-08-06 19:03:41 Debug: Notice (8): Undefined index: license_type in [D:\xampp\htdocs\product_test\app\controllers\product_client_licenses_controller.php, line 46]
2015-08-06 19:03:41 Debug: Notice (8): Undefined index: license_type in [D:\xampp\htdocs\product_test\app\controllers\product_client_licenses_controller.php, line 71]
2015-08-06 19:03:47 Debug: Notice (8): Undefined index: license_type in [D:\xampp\htdocs\product_test\app\controllers\product_client_licenses_controller.php, line 46]
2015-08-06 19:03:47 Debug: Notice (8): Undefined index: license_type in [D:\xampp\htdocs\product_test\app\controllers\product_client_licenses_controller.php, line 71]
2015-08-07 12:50:42 Debug: Notice (8): Undefined index: license_type in [D:\xampp\htdocs\product\app\models\product_client_license.php, line 171]
2015-08-12 15:39:39 Debug: Notice (8): Undefined index: product_key_file in [D:\xampp\htdocs\product\app\controllers\product_client_licenses_controller.php, line 44]
2015-08-12 15:50:33 Debug: Notice (8): Undefined index: product_key_file in [D:\xampp\htdocs\product\app\controllers\product_client_licenses_controller.php, line 44]
2015-08-12 15:50:59 Debug: Notice (8): Undefined index: product_key_file in [D:\xampp\htdocs\product\app\controllers\product_client_licenses_controller.php, line 44]
2015-08-12 15:51:00 Debug: Notice (8): Undefined index: product_key_file in [D:\xampp\htdocs\product\app\controllers\product_client_licenses_controller.php, line 44]
2015-08-12 15:51:03 Debug: Notice (8): Undefined index: product_key_file in [D:\xampp\htdocs\product\app\controllers\product_client_licenses_controller.php, line 44]
2015-08-12 16:07:13 Debug: Notice (8): Undefined index: product_key_file in [D:\xampp\htdocs\product\app\controllers\product_client_licenses_controller.php, line 44]
2015-08-12 16:12:40 Debug: Notice (8): Undefined index: product_key_file in [D:\xampp\htdocs\product\app\controllers\product_client_licenses_controller.php, line 44]
2015-08-12 16:43:52 Debug: Notice (8): Undefined variable: _FILE in [D:\xampp\htdocs\product\app\controllers\product_client_licenses_controller.php, line 44]
2015-08-12 16:44:12 Debug: Notice (8): Undefined variable: _FILE in [D:\xampp\htdocs\product\app\controllers\product_client_licenses_controller.php, line 44]
2015-08-12 16:44:34 Debug: Notice (8): Undefined variable: _FILE in [D:\xampp\htdocs\product\app\controllers\product_client_licenses_controller.php, line 44]
2015-08-12 16:48:07 Debug: Notice (8): Undefined variable: _FILE in [D:\xampp\htdocs\product\app\controllers\product_client_licenses_controller.php, line 44]
2015-08-12 17:37:22 Debug: Notice (8): Undefined variable: Js in [D:\xampp\htdocs\product\app\views\product_client_licenses\add_license.ctp, line 98]
2015-08-12 18:06:40 Debug: Notice (8): Object of class JsHelper to string conversion in [D:\xampp\htdocs\product\app\views\product_client_licenses\add_license.ctp, line 99]
2015-08-12 18:06:40 Debug: Notice (8): Undefined property: View::$Object in [D:\xampp\htdocs\product\app\views\product_client_licenses\add_license.ctp, line 99]
2015-08-12 18:06:58 Debug: Notice (8): Object of class JsHelper to string conversion in [D:\xampp\htdocs\product\app\views\product_client_licenses\add_license.ctp, line 99]
2015-08-12 18:06:58 Debug: Notice (8): Undefined property: View::$Object in [D:\xampp\htdocs\product\app\views\product_client_licenses\add_license.ctp, line 99]
2015-08-12 18:07:13 Debug: Notice (8): Object of class AjaxHelper to string conversion in [D:\xampp\htdocs\product\app\views\product_client_licenses\add_license.ctp, line 99]
2015-08-12 18:07:13 Debug: Notice (8): Undefined property: View::$Object in [D:\xampp\htdocs\product\app\views\product_client_licenses\add_license.ctp, line 99]
2015-08-12 18:08:44 Debug: Notice (8): Undefined property: View::$ajax in [D:\xampp\htdocs\product\app\views\product_client_licenses\add_license.ctp, line 99]
2015-08-12 19:59:17 Debug: Notice (8): Use of undefined constant WEBROOT - assumed 'WEBROOT' in [D:\xampp\htdocs\product\app\views\elements\product_client_licenses\index_pagging.ctp, line 48]
2015-08-12 19:59:26 Debug: Notice (8): Use of undefined constant WEB_ROOT - assumed 'WEB_ROOT' in [D:\xampp\htdocs\product\app\views\elements\product_client_licenses\index_pagging.ctp, line 48]
2015-08-13 09:52:33 Debug: Notice (8): Undefined variable: ProductClientLicense in [D:\xampp\htdocs\product\app\views\product_client_licenses\view.ctp, line 73]
2015-08-13 12:01:47 Debug: Notice (8): Undefined variable: model_name in [D:\xampp\htdocs\product\app\views\product_client_licenses\add_license.ctp, line 25]
2015-08-13 12:51:06 Debug: Notice (8): Undefined variable: model_name in [D:\xampp\htdocs\product\app\views\product_client_licenses\add_license.ctp, line 25]
2015-08-13 12:51:22 Debug: Notice (8): Undefined variable: model_name in [D:\xampp\htdocs\product\app\views\product_client_licenses\add_license.ctp, line 25]
2015-08-13 12:51:38 Debug: Notice (8): Undefined variable: model_name in [D:\xampp\htdocs\product\app\views\product_client_licenses\add_license.ctp, line 25]
2015-08-13 12:52:35 Debug: Notice (8): Undefined variable: model_name in [D:\xampp\htdocs\product\app\views\product_client_licenses\add_license.ctp, line 25]
2015-08-13 12:56:02 Debug: Notice (8): Undefined variable: model_name in [D:\xampp\htdocs\product\app\views\product_client_licenses\add_license.ctp, line 25]
2015-08-13 12:56:08 Debug: Notice (8): Undefined variable: model_name in [D:\xampp\htdocs\product\app\views\product_client_licenses\add_license.ctp, line 25]
2015-08-13 14:07:29 Debug: Notice (8): Undefined variable: client_product_expire in [D:\xampp\htdocs\product\app\views\product_client_licenses\add_license.ctp, line 35]
2015-08-13 14:50:26 Debug: Notice (8): Undefined variable: client_product_expire in [D:\xampp\htdocs\product\app\views\product_client_licenses\add_license.ctp, line 36]
2015-08-13 14:50:26 Debug: Notice (8): Undefined variable: expire_date in [D:\xampp\htdocs\product\app\views\product_client_licenses\add_license.ctp, line 36]
2015-08-13 19:52:08 Debug: Notice (8): Uninitialized string offset: 0 in [D:\xampp\htdocs\product\app\app_controller.php, line 126]
2015-08-13 19:52:08 Debug: Notice (8): Uninitialized string offset: 0 in [D:\xampp\htdocs\product\app\app_controller.php, line 141]
2015-08-13 15:22:08 Debug: Notice (8): Uninitialized string offset: 0 in [D:\xampp\htdocs\product\app\app_controller.php, line 156]
2015-08-14 11:52:20 Debug: Notice (8): Undefined variable: license_type in [D:\xampp\htdocs\product\app\views\product_client_licenses\index.ctp, line 40]
2015-08-14 11:53:08 Debug: Notice (8): Undefined variable: license_type in [D:\xampp\htdocs\product\app\controllers\product_client_licenses_controller.php, line 185]
2015-08-17 09:51:16 Debug: Notice (8): Array to string conversion in [D:\xampp\htdocs\product\cake\libs\router.php, line 1585]
2015-09-18 17:57:06 Notice: Notice (8): Undefined index:  is_deletable in [/opt/lampp/htdocs/product/app/views/elements/product_client_licenses/index_pagging.ctp, line 84]
2015-09-21 15:15:07 Notice: Notice (8): Undefined variable: client_id in [/opt/lampp/htdocs/product/app/controllers/product_client_licenses_controller.php, line 414]
2015-09-21 15:15:07 Notice: Notice (8): Undefined variable: product_id in [/opt/lampp/htdocs/product/app/controllers/product_client_licenses_controller.php, line 414]
2015-09-22 10:42:16 Notice: Notice (8): Undefined index:  last_releases in [/opt/lampp/htdocs/product/app/controllers/product_client_releases_controller.php, line 122]
2015-09-22 10:42:17 Notice: Notice (8): Undefined index:  last_releases in [/opt/lampp/htdocs/product/app/controllers/product_client_releases_controller.php, line 122]
2015-09-22 10:42:17 Notice: Notice (8): Undefined index:  last_releases in [/opt/lampp/htdocs/product/app/controllers/product_client_releases_controller.php, line 122]
2015-09-22 10:42:18 Notice: Notice (8): Undefined index:  last_releases in [/opt/lampp/htdocs/product/app/controllers/product_client_releases_controller.php, line 122]
2015-09-22 10:46:36 Notice: Notice (8): Undefined index:  last_releases in [/opt/lampp/htdocs/product/app/controllers/product_client_releases_controller.php, line 122]
2015-09-22 10:47:03 Notice: Notice (8): Undefined index:  last_releases in [/opt/lampp/htdocs/product/app/controllers/product_client_releases_controller.php, line 122]
2015-09-22 10:47:07 Notice: Notice (8): Undefined index:  last_releases in [/opt/lampp/htdocs/product/app/controllers/product_client_releases_controller.php, line 122]
2015-09-23 09:00:44 Notice: Notice (8): Undefined index:  last_releases in [/opt/lampp/htdocs/product/app/controllers/product_client_releases_controller.php, line 122]
2015-09-23 09:01:25 Notice: Notice (8): Undefined index:  last_releases in [/opt/lampp/htdocs/product/app/controllers/product_client_releases_controller.php, line 122]
2015-09-23 09:07:07 Notice: Notice (8): Undefined index:  last_releases in [/opt/lampp/htdocs/product/app/controllers/product_client_releases_controller.php, line 122]
2015-09-23 09:07:27 Notice: Notice (8): Undefined index:  last_releases in [/opt/lampp/htdocs/product/app/controllers/product_client_releases_controller.php, line 122]
2015-09-23 09:07:28 Notice: Notice (8): Undefined index:  last_releases in [/opt/lampp/htdocs/product/app/controllers/product_client_releases_controller.php, line 122]
2015-09-23 09:07:30 Notice: Notice (8): Undefined index:  last_releases in [/opt/lampp/htdocs/product/app/controllers/product_client_releases_controller.php, line 122]
2015-09-23 09:27:54 Notice: Notice (8): Undefined index:  last_releases in [/opt/lampp/htdocs/product/app/controllers/product_client_releases_controller.php, line 122]
2015-09-23 09:42:39 Notice: Notice (8): Undefined index:  last_releases in [/opt/lampp/htdocs/product/app/controllers/product_client_releases_controller.php, line 122]
2015-09-28 09:01:35 Notice: Notice (8): Undefined index:  last_releases in [/opt/lampp/htdocs/product/app/controllers/product_client_releases_controller.php, line 122]
2015-09-30 08:50:40 Notice: Notice (8): Undefined index:  last_releases in [/opt/lampp/htdocs/product/app/controllers/product_client_releases_controller.php, line 122]
2015-11-24 15:54:04 Notice: Notice (8): Undefined index:  last_releases in [/opt/lampp/htdocs/product/app/controllers/product_client_releases_controller.php, line 122]
2015-11-24 15:55:48 Notice: Notice (8): Undefined index:  last_releases in [/opt/lampp/htdocs/product/app/controllers/product_client_releases_controller.php, line 122]
2015-11-24 15:55:51 Notice: Notice (8): Undefined index:  last_releases in [/opt/lampp/htdocs/product/app/controllers/product_client_releases_controller.php, line 122]
2015-11-24 16:00:38 Notice: Notice (8): Undefined index:  last_releases in [/opt/lampp/htdocs/product/app/controllers/product_client_releases_controller.php, line 122]
2015-11-24 16:01:43 Notice: Notice (8): Undefined index:  last_releases in [/opt/lampp/htdocs/product/app/controllers/product_client_releases_controller.php, line 122]
2015-11-24 16:01:44 Notice: Notice (8): Undefined index:  last_releases in [/opt/lampp/htdocs/product/app/controllers/product_client_releases_controller.php, line 122]
2015-11-24 16:02:00 Notice: Notice (8): Undefined index:  last_releases in [/opt/lampp/htdocs/product/app/controllers/product_client_releases_controller.php, line 122]
2015-11-24 16:02:14 Notice: Notice (8): Undefined index:  last_releases in [/opt/lampp/htdocs/product/app/controllers/product_client_releases_controller.php, line 122]
2015-11-24 16:02:54 Notice: Notice (8): Undefined index:  last_releases in [/opt/lampp/htdocs/product/app/controllers/product_client_releases_controller.php, line 122]
2015-11-24 16:03:25 Notice: Notice (8): Undefined index:  last_releases in [/opt/lampp/htdocs/product/app/controllers/product_client_releases_controller.php, line 122]
2015-11-24 16:04:05 Notice: Notice (8): Undefined index:  last_releases in [/opt/lampp/htdocs/product/app/controllers/product_client_releases_controller.php, line 122]
2015-11-24 16:04:44 Notice: Notice (8): Undefined index:  last_releases in [/opt/lampp/htdocs/product/app/controllers/product_client_releases_controller.php, line 122]
2015-11-24 16:05:14 Notice: Notice (8): Undefined index:  last_releases in [/opt/lampp/htdocs/product/app/controllers/product_client_releases_controller.php, line 122]
2015-11-24 16:05:48 Notice: Notice (8): Undefined index:  last_releases in [/opt/lampp/htdocs/product/app/controllers/product_client_releases_controller.php, line 122]
2015-11-24 16:06:21 Notice: Notice (8): Undefined index:  last_releases in [/opt/lampp/htdocs/product/app/controllers/product_client_releases_controller.php, line 122]
2015-11-24 16:08:59 Notice: Notice (8): Undefined index:  last_releases in [/opt/lampp/htdocs/product/app/controllers/product_client_releases_controller.php, line 122]
2015-11-24 16:10:53 Notice: Notice (8): Undefined index:  last_releases in [/opt/lampp/htdocs/product/app/controllers/product_client_releases_controller.php, line 122]
2015-11-24 16:11:40 Notice: Notice (8): Undefined index:  last_releases in [/opt/lampp/htdocs/product/app/controllers/product_client_releases_controller.php, line 122]
2015-11-24 16:12:57 Notice: Notice (8): Undefined index:  last_releases in [/opt/lampp/htdocs/product/app/controllers/product_client_releases_controller.php, line 122]
2015-11-24 16:13:34 Notice: Notice (8): Undefined index:  last_releases in [/opt/lampp/htdocs/product/app/controllers/product_client_releases_controller.php, line 122]
2015-11-25 10:53:12 Notice: Notice (8): Undefined index:  last_releases in [/opt/lampp/htdocs/product/app/controllers/product_client_releases_controller.php, line 122]
2015-11-25 11:15:18 Notice: Notice (8): Undefined index:  last_releases in [/opt/lampp/htdocs/product/app/controllers/product_client_releases_controller.php, line 122]
2015-11-25 11:17:48 Notice: Notice (8): Undefined index:  last_releases in [/opt/lampp/htdocs/product/app/controllers/product_client_releases_controller.php, line 122]
2015-11-25 11:54:35 Notice: Notice (8): Undefined index:  last_releases in [/opt/lampp/htdocs/product/app/controllers/product_client_releases_controller.php, line 122]
2015-11-25 11:54:43 Notice: Notice (8): Undefined index:  last_releases in [/opt/lampp/htdocs/product/app/controllers/product_client_releases_controller.php, line 122]
2015-11-25 11:54:52 Notice: Notice (8): Undefined index:  last_releases in [/opt/lampp/htdocs/product/app/controllers/product_client_releases_controller.php, line 122]
2015-11-25 13:23:07 Notice: Notice (8): Undefined index:  last_releases in [/opt/lampp/htdocs/product/app/controllers/product_client_releases_controller.php, line 122]
2015-11-25 17:15:37 Notice: Notice (8): Undefined index:  last_releases in [/opt/lampp/htdocs/product/app/controllers/product_client_releases_controller.php, line 122]
2015-11-25 17:15:48 Notice: Notice (8): Undefined index:  last_releases in [/opt/lampp/htdocs/product/app/controllers/product_client_releases_controller.php, line 122]
2015-11-25 17:15:53 Notice: Notice (8): Undefined index:  last_releases in [/opt/lampp/htdocs/product/app/controllers/product_client_releases_controller.php, line 122]
2015-11-25 17:23:15 Notice: Notice (8): Undefined index:  last_releases in [/opt/lampp/htdocs/product/app/controllers/product_client_releases_controller.php, line 122]
2015-11-25 17:23:19 Notice: Notice (8): Undefined index:  last_releases in [/opt/lampp/htdocs/product/app/controllers/product_client_releases_controller.php, line 122]
2015-11-25 17:23:21 Notice: Notice (8): Undefined index:  last_releases in [/opt/lampp/htdocs/product/app/controllers/product_client_releases_controller.php, line 122]
2015-11-25 17:23:50 Notice: Notice (8): Undefined index:  last_releases in [/opt/lampp/htdocs/product/app/controllers/product_client_releases_controller.php, line 122]
2015-11-26 14:35:51 Notice: Notice (8): Undefined index:  last_releases in [/opt/lampp/htdocs/product/app/controllers/product_client_releases_controller.php, line 122]
2015-11-26 14:36:31 Notice: Notice (8): Undefined index:  last_releases in [/opt/lampp/htdocs/product/app/controllers/product_client_releases_controller.php, line 122]
2015-11-26 15:20:58 Notice: Notice (8): Undefined index:  last_releases in [/opt/lampp/htdocs/product/app/controllers/product_client_releases_controller.php, line 122]
2015-11-27 14:15:53 Notice: Notice (8): Undefined index:  last_releases in [/opt/lampp/htdocs/product/app/controllers/product_client_releases_controller.php, line 122]
2015-11-27 14:15:57 Notice: Notice (8): Undefined index:  last_releases in [/opt/lampp/htdocs/product/app/controllers/product_client_releases_controller.php, line 122]
2015-11-27 14:16:03 Notice: Notice (8): Undefined index:  last_releases in [/opt/lampp/htdocs/product/app/controllers/product_client_releases_controller.php, line 122]
2015-12-03 14:29:40 Notice: Notice (8): Undefined index:  last_releases in [/opt/lampp/htdocs/product/app/controllers/product_client_releases_controller.php, line 122]
2015-12-03 14:29:50 Notice: Notice (8): Undefined index:  last_releases in [/opt/lampp/htdocs/product/app/controllers/product_client_releases_controller.php, line 122]
2015-12-03 14:34:15 Notice: Notice (8): Undefined index:  last_releases in [/opt/lampp/htdocs/product/app/controllers/product_client_releases_controller.php, line 122]
2015-12-03 14:34:20 Notice: Notice (8): Undefined index:  last_releases in [/opt/lampp/htdocs/product/app/controllers/product_client_releases_controller.php, line 122]
2015-12-03 14:37:17 Notice: Notice (8): Undefined index:  last_releases in [/opt/lampp/htdocs/product/app/controllers/product_client_releases_controller.php, line 122]
2015-12-03 14:37:41 Notice: Notice (8): Undefined index:  last_releases in [/opt/lampp/htdocs/product/app/controllers/product_client_releases_controller.php, line 122]
2015-12-03 14:37:43 Notice: Notice (8): Undefined index:  last_releases in [/opt/lampp/htdocs/product/app/controllers/product_client_releases_controller.php, line 122]
2015-12-03 14:38:16 Notice: Notice (8): Undefined index:  last_releases in [/opt/lampp/htdocs/product/app/controllers/product_client_releases_controller.php, line 122]
2015-12-03 14:38:19 Notice: Notice (8): Undefined index:  last_releases in [/opt/lampp/htdocs/product/app/controllers/product_client_releases_controller.php, line 122]
2015-12-03 14:38:48 Notice: Notice (8): Undefined index:  last_releases in [/opt/lampp/htdocs/product/app/controllers/product_client_releases_controller.php, line 122]
2015-12-03 14:38:52 Notice: Notice (8): Undefined index:  last_releases in [/opt/lampp/htdocs/product/app/controllers/product_client_releases_controller.php, line 122]
2015-12-03 14:40:31 Notice: Notice (8): Undefined index:  last_releases in [/opt/lampp/htdocs/product/app/controllers/product_client_releases_controller.php, line 122]
2015-12-03 15:00:49 Notice: Notice (8): Undefined index:  last_releases in [/opt/lampp/htdocs/product/app/controllers/product_client_releases_controller.php, line 122]
